(G1, G2)		[finc, fcomp]	(finc+1)/(fcomp+1)

('S001', 'S002')	[0, 7809]	0.000
('S001', 'S003')	[1336, 3616]	0.370
('S001', 'S004')	[2942, 1659]	1.773
('S001', 'S005')	[2781, 1326]	2.096
('S001', 'S006')	[3051, 1670]	1.826
('S001', 'S007')	[5365, 224]	23.849
('S001', 'S008')	[5564, 260]	21.322
('S001', 'S009')	[3517, 668]	5.259
('S001', 'S010')	[2526, 1108]	2.279
('S002', 'S003')	[1336, 3589]	0.372
('S002', 'S004')	[2934, 1629]	1.801
('S002', 'S005')	[2766, 1291]	2.142
('S002', 'S006')	[3039, 1650]	1.841
('S002', 'S007')	[5331, 216]	24.571
('S002', 'S008')	[5526, 257]	21.422
('S002', 'S009')	[3508, 650]	5.390
('S002', 'S010')	[2530, 1091]	2.318
('S003', 'S004')	[1169, 2357]	0.496
('S003', 'S005')	[1088, 2001]	0.544
('S003', 'S006')	[1209, 2441]	0.495
('S003', 'S007')	[3139, 836]	3.751
('S003', 'S008')	[3258, 944]	3.449
('S003', 'S009')	[1606, 1463]	1.098
('S003', 'S010')	[1146, 1694]	0.677
('S004', 'S005')	[41, 3606]	0.012
('S004', 'S006')	[28, 4226]	0.007
('S004', 'S007')	[2673, 1288]	2.074
('S004', 'S008')	[2770, 1349]	2.053
('S004', 'S009')	[1124, 2008]	0.560
('S004', 'S010')	[735, 2034]	0.362
('S005', 'S006')	[28, 3813]	0.008
('S005', 'S007')	[2138, 1248]	1.713
('S005', 'S008')	[2282, 1309]	1.743
('S005', 'S009')	[934, 1861]	0.502
('S005', 'S010')	[636, 1857]	0.343
('S006', 'S007')	[2736, 1302]	2.101
('S006', 'S008')	[2808, 1384]	2.028
('S006', 'S009')	[1113, 2027]	0.549
('S006', 'S010')	[738, 2081]	0.355
('S007', 'S008')	[0, 6504]	0.000
('S007', 'S009')	[849, 3017]	0.282
('S007', 'S010')	[1332, 2016]	0.661
('S008', 'S009')	[859, 3189]	0.270
('S008', 'S010')	[1347, 2091]	0.644
('S009', 'S010')	[416, 2353]	0.177
List of the n/2 smallest d (sorted in function of their finc value)
[('S001', 'S002'), ('S007', 'S008'), ('S004', 'S006'), ('S005', 'S006'), ('S004', 'S005')]

('(S001,S002)', 'S003')	[49, 3643]	0.014
('(S001,S002)', 'S004')	[1172, 1684]	0.696
('(S001,S002)', 'S005')	[1129, 1336]	0.845
('(S001,S002)', 'S006')	[1231, 1689]	0.729
('(S001,S002)', 'S007')	[3352, 224]	14.902
('(S001,S002)', 'S008')	[3436, 260]	13.169
('(S001,S002)', 'S009')	[1673, 668]	2.502
('(S001,S002)', 'S010')	[1200, 1118]	1.073
('S003', 'S004')	[1169, 1548]	0.755
('S003', 'S005')	[1088, 1237]	0.880
('S003', 'S006')	[1209, 1592]	0.760
('S003', 'S007')	[3139, 242]	12.922
('S003', 'S008')	[3258, 290]	11.199
('S003', 'S009')	[1606, 673]	2.384
('S003', 'S010')	[1146, 1068]	1.073
('S004', 'S005')	[41, 2416]	0.017
('S004', 'S006')	[28, 2974]	0.010
('S004', 'S007')	[2673, 484]	5.513
('S004', 'S008')	[2770, 509]	5.433
('S004', 'S009')	[1124, 1027]	1.094
('S004', 'S010')	[735, 1367]	0.538
('S005', 'S006')	[28, 2626]	0.011
('S005', 'S007')	[2138, 528]	4.043
('S005', 'S008')	[2282, 537]	4.243
('S005', 'S009')	[934, 959]	0.974
('S005', 'S010')	[636, 1137]	0.560
('S006', 'S007')	[2736, 543]	5.031
('S006', 'S008')	[2808, 566]	4.954
('S006', 'S009')	[1113, 1079]	1.031
('S006', 'S010')	[738, 1353]	0.546
('S007', 'S008')	[0, 4616]	0.000
('S007', 'S009')	[849, 1805]	0.471
('S007', 'S010')	[1332, 1209]	1.102
('S008', 'S009')	[859, 1885]	0.456
('S008', 'S010')	[1347, 1250]	1.078
('S009', 'S010')	[416, 1485]	0.281
List of the n/2 smallest d (sorted in function of their finc value)
[('S007', 'S008'), ('S004', 'S006'), ('S005', 'S006'), ('(S001,S002)', 'S003')]

('(S001,S002)', 'S003')	[49, 2453]	0.020
('(S001,S002)', 'S004')	[1172, 778]	1.506
('(S001,S002)', 'S005')	[1129, 651]	1.733
('(S001,S002)', 'S006')	[1231, 718]	1.713
('(S001,S002)', '(S007,S008)')	[1988, 285]	6.955
('(S001,S002)', 'S009')	[1673, 143]	11.625
('(S001,S002)', 'S010')	[1200, 490]	2.446
('S003', 'S004')	[1169, 692]	1.688
('S003', 'S005')	[1088, 579]	1.878
('S003', 'S006')	[1209, 692]	1.746
('S003', '(S007,S008)')	[1890, 316]	5.965
('S003', 'S009')	[1606, 182]	8.781
('S003', 'S010')	[1146, 512]	2.236
('S004', 'S005')	[41, 1570]	0.027
('S004', 'S006')	[28, 1886]	0.015
('S004', '(S007,S008)')	[1403, 551]	2.543
('S004', 'S009')	[1124, 524]	2.143
('S004', 'S010')	[735, 718]	1.024
('S005', 'S006')	[28, 1713]	0.017
('S005', '(S007,S008)')	[1167, 593]	1.966
('S005', 'S009')	[934, 468]	1.994
('S005', 'S010')	[636, 628]	1.013
('S006', '(S007,S008)')	[1394, 602]	2.313
('S006', 'S009')	[1113, 515]	2.159
('S006', 'S010')	[738, 733]	1.007
('(S007,S008)', 'S009')	[14, 2074]	0.007
('(S007,S008)', 'S010')	[417, 1391]	0.300
('S009', 'S010')	[416, 1020]	0.408
List of the n/2 smallest d (sorted in function of their finc value)
[('(S007,S008)', 'S009'), ('S004', 'S006'), ('S005', 'S006'), ('(S001,S002)', 'S003')]

('(S001,S002)', 'S003')	[49, 1876]	0.027
('(S001,S002)', 'S004')	[1172, 317]	3.689
('(S001,S002)', 'S005')	[1129, 297]	3.792
('(S001,S002)', 'S006')	[1227, 309]	3.961
('(S001,S002)', '((S007,S008),S009)')	[1474, 311]	4.728
('(S001,S002)', 'S010')	[1200, 212]	5.638
('S003', 'S004')	[1169, 273]	4.270
('S003', 'S005')	[1088, 254]	4.271
('S003', 'S006')	[1205, 285]	4.217
('S003', '((S007,S008),S009)')	[1380, 348]	3.957
('S003', 'S010')	[1142, 215]	5.292
('S004', 'S005')	[41, 1142]	0.037
('S004', 'S006')	[24, 1358]	0.018
('S004', '((S007,S008),S009)')	[835, 631]	1.323
('S004', 'S010')	[729, 439]	1.659
('S005', 'S006')	[28, 1274]	0.023
('S005', '((S007,S008),S009)')	[687, 667]	1.030
('S005', 'S010')	[630, 458]	1.375
('S006', '((S007,S008),S009)')	[825, 700]	1.178
('S006', 'S010')	[728, 482]	1.509
('((S007,S008),S009)', 'S010')	[37, 1527]	0.025
List of the n/2 smallest d (sorted in function of their finc value)
[('S004', 'S006'), ('S005', 'S006'), ('((S007,S008),S009)', 'S010')]

('(S001,S002)', 'S003')	[30, 1784]	0.017
('(S001,S002)', '(S004,S006)')	[1356, 387]	3.497
('(S001,S002)', 'S005')	[1114, 274]	4.055
('(S001,S002)', '((S007,S008),S009)')	[1455, 237]	6.118
('(S001,S002)', 'S010')	[1181, 175]	6.716
('S003', '(S004,S006)')	[1319, 343]	3.837
('S003', 'S005')	[1083, 232]	4.652
('S003', '((S007,S008),S009)')	[1380, 238]	5.778
('S003', 'S010')	[1142, 149]	7.620
('(S004,S006)', 'S005')	[8, 1472]	0.006
('(S004,S006)', '((S007,S008),S009)')	[827, 837]	0.988
('(S004,S006)', 'S010')	[758, 580]	1.306
('S005', '((S007,S008),S009)')	[683, 634]	1.077
('S005', 'S010')	[630, 437]	1.441
('((S007,S008),S009)', 'S010')	[37, 1421]	0.027
List of the n/2 smallest d (sorted in function of their finc value)
[('(S004,S006)', 'S005'), ('(S001,S002)', 'S003'), ('((S007,S008),S009)', 'S010')]

('(S001,S002)', 'S003')	[30, 1394]	0.022
('(S001,S002)', '((S004,S006),S005)')	[988, 403]	2.448
('(S001,S002)', '((S007,S008),S009)')	[1455, 0]	1456.000
('(S001,S002)', 'S010')	[1173, 35]	32.611
('S003', '((S004,S006),S005)')	[976, 364]	2.677
('S003', '((S007,S008),S009)')	[1380, 24]	55.240
('S003', 'S010')	[1134, 23]	47.292
('((S004,S006),S005)', '((S007,S008),S009)')	[472, 899]	0.526
('((S004,S006),S005)', 'S010')	[507, 617]	0.822
('((S007,S008),S009)', 'S010')	[29, 1159]	0.026
List of the n/2 smallest d (sorted in function of their finc value)
[('((S007,S008),S009)', 'S010'), ('(S001,S002)', 'S003')]

('(S001,S002)', 'S003')	[15, 953]	0.017
('(S001,S002)', '((S004,S006),S005)')	[959, 9]	96.000
('(S001,S002)', '(((S007,S008),S009),S010)')	[962, 6]	137.571
('S003', '((S004,S006),S005)')	[962, 6]	137.571
('S003', '(((S007,S008),S009),S010)')	[959, 9]	96.000
('((S004,S006),S005)', '(((S007,S008),S009),S010)')	[15, 953]	0.017
List of the n/2 smallest d (sorted in function of their finc value)
[('(S001,S002)', 'S003'), ('((S004,S006),S005)', '(((S007,S008),S009),S010)')]

