(G1, G2)		[finc, fcomp]	(finc+1)/(fcomp+1)

('S001', 'S002')	[0, 39]	0.025
('S001', 'S003')	[39, 0]	40.000
('S001', 'S004')	[29, 0]	30.000
('S001', 'S005')	[27, 6]	4.000
('S002', 'S003')	[39, 0]	40.000
('S002', 'S004')	[29, 0]	30.000
('S002', 'S005')	[27, 6]	4.000
('S003', 'S004')	[0, 29]	0.033
('S003', 'S005')	[6, 27]	0.250
('S004', 'S005')	[6, 17]	0.389
List of the n/2 smallest d (sorted in function of their finc value)
[('S001', 'S002'), ('S003', 'S004')]

('(S001,S002)', 'S003')	[6, 0]	7.000
('(S001,S002)', 'S004')	[6, 0]	7.000
('(S001,S002)', 'S005')	[0, 6]	0.143
('S003', 'S004')	[0, 6]	0.143
('S003', 'S005')	[6, 0]	7.000
('S004', 'S005')	[6, 0]	7.000
List of the n/2 smallest d (sorted in function of their finc value)
[('(S001,S002)', 'S005'), ('S003', 'S004')]

