(G1, G2)		[finc, fcomp]	(finc+1)/(fcomp+1)

('S001', 'S002')	[0, 11115]	0.000
('S001', 'S003')	[4775, 3147]	1.517
('S001', 'S004')	[4721, 3206]	1.472
('S001', 'S005')	[3444, 3702]	0.930
('S001', 'S006')	[3327, 3530]	0.943
('S001', 'S007')	[5755, 1178]	4.882
('S001', 'S008')	[5523, 1196]	4.615
('S001', 'S009')	[5235, 1150]	4.549
('S001', 'S010')	[5050, 1274]	3.962
('S002', 'S003')	[4773, 3147]	1.517
('S002', 'S004')	[4719, 3206]	1.472
('S002', 'S005')	[3444, 3699]	0.931
('S002', 'S006')	[3327, 3528]	0.943
('S002', 'S007')	[5754, 1176]	4.890
('S002', 'S008')	[5522, 1194]	4.622
('S002', 'S009')	[5236, 1150]	4.550
('S002', 'S010')	[5050, 1272]	3.968
('S003', 'S004')	[0, 10401]	0.000
('S003', 'S005')	[1920, 5636]	0.341
('S003', 'S006')	[1682, 5573]	0.302
('S003', 'S007')	[5419, 1459]	3.712
('S003', 'S008')	[5318, 1278]	4.159
('S003', 'S009')	[4874, 1368]	3.561
('S003', 'S010')	[4518, 1690]	2.672
('S004', 'S005')	[1909, 5685]	0.336
('S004', 'S006')	[1671, 5699]	0.293
('S004', 'S007')	[5533, 1422]	3.889
('S004', 'S008')	[5444, 1245]	4.370
('S004', 'S009')	[4995, 1324]	3.771
('S004', 'S010')	[4559, 1668]	2.732
('S005', 'S006')	[0, 7771]	0.000
('S005', 'S007')	[4040, 1955]	2.066
('S005', 'S008')	[4007, 1829]	2.190
('S005', 'S009')	[3536, 1781]	1.985
('S005', 'S010')	[3312, 1981]	1.672
('S006', 'S007')	[4236, 1665]	2.543
('S006', 'S008')	[4181, 1556]	2.686
('S006', 'S009')	[3674, 1575]	2.332
('S006', 'S010')	[3416, 1755]	1.946
('S007', 'S008')	[8, 7553]	0.001
('S007', 'S009')	[155, 6839]	0.023
('S007', 'S010')	[242, 6315]	0.038
('S008', 'S009')	[127, 6498]	0.020
('S008', 'S010')	[258, 6068]	0.043
('S009', 'S010')	[178, 6038]	0.030
List of the n/2 smallest d (sorted in function of their finc value)
[('S001', 'S002'), ('S003', 'S004'), ('S005', 'S006'), ('S007', 'S008'), ('S008', 'S009')]

('(S001,S002)', 'S003')	[1617, 3148]	0.514
('(S001,S002)', 'S004')	[1575, 3207]	0.491
('(S001,S002)', 'S005')	[721, 3703]	0.195
('(S001,S002)', 'S006')	[780, 3531]	0.221
('(S001,S002)', 'S007')	[2929, 1178]	2.485
('(S001,S002)', 'S008')	[2901, 1196]	2.424
('(S001,S002)', 'S009')	[2608, 1150]	2.267
('(S001,S002)', 'S010')	[2394, 1274]	1.878
('S003', 'S004')	[0, 7409]	0.000
('S003', 'S005')	[1920, 3552]	0.541
('S003', 'S006')	[1682, 3671]	0.458
('S003', 'S007')	[5419, 263]	20.530
('S003', 'S008')	[5318, 246]	21.534
('S003', 'S009')	[4874, 204]	23.780
('S003', 'S010')	[4518, 338]	13.330
('S004', 'S005')	[1909, 3627]	0.526
('S004', 'S006')	[1671, 3799]	0.440
('S004', 'S007')	[5533, 244]	22.588
('S004', 'S008')	[5444, 227]	23.882
('S004', 'S009')	[4995, 196]	25.360
('S004', 'S010')	[4559, 348]	13.066
('S005', 'S006')	[0, 5576]	0.000
('S005', 'S007')	[4040, 736]	5.483
('S005', 'S008')	[4007, 772]	5.185
('S005', 'S009')	[3536, 757]	4.666
('S005', 'S010')	[3312, 801]	4.131
('S006', 'S007')	[4236, 644]	6.569
('S006', 'S008')	[4181, 617]	6.767
('S006', 'S009')	[3674, 663]	5.535
('S006', 'S010')	[3416, 699]	4.881
('S007', 'S008')	[8, 5455]	0.002
('S007', 'S009')	[155, 4821]	0.032
('S007', 'S010')	[242, 4342]	0.056
('S008', 'S009')	[127, 4665]	0.027
('S008', 'S010')	[258, 4241]	0.061
('S009', 'S010')	[178, 4104]	0.044
List of the n/2 smallest d (sorted in function of their finc value)
[('S003', 'S004'), ('S005', 'S006'), ('S007', 'S008'), ('S008', 'S009')]

('(S001,S002)', '(S003,S004)')	[351, 3343]	0.105
('(S001,S002)', 'S005')	[721, 2675]	0.270
('(S001,S002)', 'S006')	[780, 2705]	0.289
('(S001,S002)', 'S007')	[2929, 513]	5.700
('(S001,S002)', 'S008')	[2901, 466]	6.214
('(S001,S002)', 'S009')	[2608, 479]	5.435
('(S001,S002)', 'S010')	[2394, 584]	4.094
('(S003,S004)', 'S005')	[430, 3804]	0.113
('(S003,S004)', 'S006')	[430, 3945]	0.109
('(S003,S004)', 'S007')	[4044, 273]	14.763
('(S003,S004)', 'S008')	[3941, 254]	15.459
('(S003,S004)', 'S009')	[3494, 218]	15.959
('(S003,S004)', 'S010')	[3227, 394]	8.172
('S005', 'S006')	[0, 4427]	0.000
('S005', 'S007')	[4040, 0]	4041.000
('S005', 'S008')	[4007, 4]	801.600
('S005', 'S009')	[3536, 27]	126.321
('S005', 'S010')	[3312, 134]	24.541
('S006', 'S007')	[4236, 30]	136.677
('S006', 'S008')	[4181, 18]	220.105
('S006', 'S009')	[3674, 56]	64.474
('S006', 'S010')	[3416, 141]	24.063
('S007', 'S008')	[8, 4168]	0.002
('S007', 'S009')	[155, 3536]	0.044
('S007', 'S010')	[242, 3201]	0.076
('S008', 'S009')	[127, 3393]	0.038
('S008', 'S010')	[258, 3119]	0.083
('S009', 'S010')	[178, 2984]	0.060
List of the n/2 smallest d (sorted in function of their finc value)
[('S005', 'S006'), ('S007', 'S008'), ('S008', 'S009'), ('S007', 'S009')]

('(S001,S002)', '(S003,S004)')	[351, 3023]	0.116
('(S001,S002)', '(S005,S006)')	[339, 3193]	0.106
('(S001,S002)', 'S007')	[2929, 284]	10.281
('(S001,S002)', 'S008')	[2901, 191]	15.115
('(S001,S002)', 'S009')	[2608, 273]	9.522
('(S001,S002)', 'S010')	[2394, 356]	6.709
('(S003,S004)', '(S005,S006)')	[0, 4572]	0.000
('(S003,S004)', 'S007')	[4044, 42]	94.070
('(S003,S004)', 'S008')	[3941, 18]	207.474
('(S003,S004)', 'S009')	[3494, 65]	52.955
('(S003,S004)', 'S010')	[3227, 191]	16.812
('(S005,S006)', 'S007')	[4180, 30]	134.871
('(S005,S006)', 'S008')	[4112, 22]	178.826
('(S005,S006)', 'S009')	[3663, 58]	62.102
('(S005,S006)', 'S010')	[3331, 191]	17.354
('S007', 'S008')	[8, 3726]	0.002
('S007', 'S009')	[155, 3169]	0.049
('S007', 'S010')	[242, 2875]	0.084
('S008', 'S009')	[127, 3055]	0.042
('S008', 'S010')	[258, 2752]	0.094
('S009', 'S010')	[178, 2617]	0.068
List of the n/2 smallest d (sorted in function of their finc value)
[('(S003,S004)', '(S005,S006)'), ('S007', 'S008'), ('S008', 'S009')]

('(S001,S002)', '((S003,S004),(S005,S006))')	[30, 3511]	0.009
('(S001,S002)', 'S007')	[2929, 12]	225.385
('(S001,S002)', 'S008')	[2901, 4]	580.400
('(S001,S002)', 'S009')	[2608, 71]	36.236
('(S001,S002)', 'S010')	[2394, 157]	15.158
('((S003,S004),(S005,S006))', 'S007')	[2958, 42]	68.814
('((S003,S004),(S005,S006))', 'S008')	[2950, 22]	128.304
('((S003,S004),(S005,S006))', 'S009')	[2661, 76]	34.571
('((S003,S004),(S005,S006))', 'S010')	[2364, 233]	10.107
('S007', 'S008')	[8, 2514]	0.004
('S007', 'S009')	[155, 2112]	0.074
('S007', 'S010')	[242, 1918]	0.127
('S008', 'S009')	[127, 2061]	0.062
('S008', 'S010')	[258, 1840]	0.141
('S009', 'S010')	[178, 1832]	0.098
List of the n/2 smallest d (sorted in function of their finc value)
[('S007', 'S008'), ('(S001,S002)', '((S003,S004),(S005,S006))'), ('S008', 'S009')]

('(S001,S002)', '((S003,S004),(S005,S006))')	[30, 3190]	0.010
('(S001,S002)', '(S007,S008)')	[3089, 16]	181.765
('(S001,S002)', 'S009')	[2608, 30]	84.161
('(S001,S002)', 'S010')	[2394, 99]	23.950
('((S003,S004),(S005,S006))', '(S007,S008)')	[3082, 46]	65.596
('((S003,S004),(S005,S006))', 'S009')	[2661, 0]	2662.000
('((S003,S004),(S005,S006))', 'S010')	[2364, 152]	15.458
('(S007,S008)', 'S009')	[46, 2500]	0.019
('(S007,S008)', 'S010')	[156, 2245]	0.070
('S009', 'S010')	[170, 1764]	0.097
List of the n/2 smallest d (sorted in function of their finc value)
[('(S001,S002)', '((S003,S004),(S005,S006))'), ('(S007,S008)', 'S009')]

('((S001,S002),((S003,S004),(S005,S006)))', '(S007,S008)')	[140, 16]	8.294
('((S001,S002),((S003,S004),(S005,S006)))', 'S009')	[156, 0]	157.000
('((S001,S002),((S003,S004),(S005,S006)))', 'S010')	[16, 140]	0.121
('(S007,S008)', 'S009')	[16, 140]	0.121
('(S007,S008)', 'S010')	[156, 0]	157.000
('S009', 'S010')	[140, 16]	8.294
List of the n/2 smallest d (sorted in function of their finc value)
[('((S001,S002),((S003,S004),(S005,S006)))', 'S010'), ('(S007,S008)', 'S009')]

