(G1, G2)		[finc, fcomp]	(finc+1)/(fcomp+1)

('S001', 'S002')	[0, 12562]	0.000
('S001', 'S003')	[88, 11927]	0.007
('S001', 'S004')	[3805, 4320]	0.881
('S001', 'S005')	[3658, 4321]	0.847
('S001', 'S006')	[3758, 3762]	0.999
('S001', 'S007')	[3822, 3646]	1.048
('S001', 'S008')	[8908, 693]	12.837
('S001', 'S009')	[9254, 680]	13.590
('S001', 'S010')	[8970, 686]	13.058
('S002', 'S003')	[88, 11855]	0.008
('S002', 'S004')	[3752, 4358]	0.861
('S002', 'S005')	[3602, 4325]	0.833
('S002', 'S006')	[3706, 3757]	0.986
('S002', 'S007')	[3804, 3623]	1.050
('S002', 'S008')	[8884, 670]	13.241
('S002', 'S009')	[9229, 657]	14.027
('S002', 'S010')	[8919, 653]	13.639
('S003', 'S004')	[3584, 4261]	0.841
('S003', 'S005')	[3437, 4363]	0.788
('S003', 'S006')	[3592, 3739]	0.961
('S003', 'S007')	[3609, 3571]	1.011
('S003', 'S008')	[8479, 751]	11.277
('S003', 'S009')	[8820, 742]	11.872
('S003', 'S010')	[8527, 750]	11.356
('S004', 'S005')	[0, 8768]	0.000
('S004', 'S006')	[1675, 4887]	0.343
('S004', 'S007')	[1694, 5018]	0.338
('S004', 'S008')	[5750, 1906]	3.016
('S004', 'S009')	[5952, 1985]	2.997
('S004', 'S010')	[5753, 2033]	2.829
('S005', 'S006')	[1702, 4622]	0.368
('S005', 'S007')	[1723, 4808]	0.358
('S005', 'S008')	[5632, 1836]	3.066
('S005', 'S009')	[5833, 1893]	3.080
('S005', 'S010')	[5555, 1925]	2.885
('S006', 'S007')	[0, 7735]	0.000
('S006', 'S008')	[4979, 2126]	2.341
('S006', 'S009')	[5144, 2163]	2.378
('S006', 'S010')	[4982, 2131]	2.337
('S007', 'S008')	[4843, 2176]	2.225
('S007', 'S009')	[4987, 2264]	2.202
('S007', 'S010')	[4775, 2264]	2.109
('S008', 'S009')	[12, 11922]	0.001
('S008', 'S010')	[44, 11464]	0.004
('S009', 'S010')	[32, 11945]	0.003
List of the n/2 smallest d (sorted in function of their finc value)
[('S001', 'S002'), ('S004', 'S005'), ('S006', 'S007'), ('S008', 'S009'), ('S009', 'S010')]

('(S001,S002)', 'S003')	[0, 12188]	0.000
('(S001,S002)', 'S004')	[3592, 4447]	0.808
('(S001,S002)', 'S005')	[3445, 4434]	0.777
('(S001,S002)', 'S006')	[3604, 3832]	0.941
('(S001,S002)', 'S007')	[3625, 3723]	0.974
('(S001,S002)', 'S008')	[8702, 693]	12.540
('(S001,S002)', 'S009')	[9042, 680]	13.279
('(S001,S002)', 'S010')	[8736, 686]	12.718
('S003', 'S004')	[3584, 4206]	0.852
('S003', 'S005')	[3437, 4314]	0.797
('S003', 'S006')	[3592, 3698]	0.971
('S003', 'S007')	[3609, 3524]	1.024
('S003', 'S008')	[8479, 707]	11.977
('S003', 'S009')	[8820, 696]	12.656
('S003', 'S010')	[8527, 704]	12.096
('S004', 'S005')	[0, 8549]	0.000
('S004', 'S006')	[1675, 4769]	0.351
('S004', 'S007')	[1694, 4868]	0.348
('S004', 'S008')	[5750, 1770]	3.247
('S004', 'S009')	[5952, 1847]	3.221
('S004', 'S010')	[5753, 1890]	3.043
('S005', 'S006')	[1702, 4504]	0.378
('S005', 'S007')	[1723, 4639]	0.372
('S005', 'S008')	[5632, 1719]	3.275
('S005', 'S009')	[5833, 1774]	3.287
('S005', 'S010')	[5555, 1801]	3.083
('S006', 'S007')	[0, 7545]	0.000
('S006', 'S008')	[4979, 2036]	2.445
('S006', 'S009')	[5144, 2071]	2.483
('S006', 'S010')	[4982, 2039]	2.443
('S007', 'S008')	[4843, 2044]	2.369
('S007', 'S009')	[4987, 2130]	2.341
('S007', 'S010')	[4775, 2125]	2.246
('S008', 'S009')	[12, 11511]	0.001
('S008', 'S010')	[44, 11052]	0.004
('S009', 'S010')	[32, 11525]	0.003
List of the n/2 smallest d (sorted in function of their finc value)
[('(S001,S002)', 'S003'), ('S004', 'S005'), ('S006', 'S007'), ('S008', 'S009')]

('((S001,S002),S003)', 'S004')	[667, 4523]	0.148
('((S001,S002),S003)', 'S005')	[667, 4498]	0.148
('((S001,S002),S003)', 'S006')	[1033, 3862]	0.268
('((S001,S002),S003)', 'S007')	[969, 3751]	0.259
('((S001,S002),S003)', 'S008')	[5175, 716]	7.219
('((S001,S002),S003)', 'S009')	[5366, 703]	7.624
('((S001,S002),S003)', 'S010')	[5162, 709]	7.272
('S004', 'S005')	[0, 6055]	0.000
('S004', 'S006')	[1675, 3099]	0.541
('S004', 'S007')	[1694, 2984]	0.568
('S004', 'S008')	[5750, 331]	17.322
('S004', 'S009')	[5952, 326]	18.205
('S004', 'S010')	[5753, 365]	15.721
('S005', 'S006')	[1702, 2906]	0.586
('S005', 'S007')	[1723, 2916]	0.591
('S005', 'S008')	[5632, 317]	17.714
('S005', 'S009')	[5833, 313]	18.580
('S005', 'S010')	[5555, 355]	15.607
('S006', 'S007')	[0, 5406]	0.000
('S006', 'S008')	[4979, 675]	7.367
('S006', 'S009')	[5144, 663]	7.748
('S006', 'S010')	[4982, 663]	7.505
('S007', 'S008')	[4843, 621]	7.788
('S007', 'S009')	[4987, 633]	7.868
('S007', 'S010')	[4775, 633]	7.533
('S008', 'S009')	[12, 8067]	0.002
('S008', 'S010')	[44, 7719]	0.006
('S009', 'S010')	[32, 8059]	0.004
List of the n/2 smallest d (sorted in function of their finc value)
[('S004', 'S005'), ('S006', 'S007'), ('S008', 'S009'), ('S009', 'S010')]

('((S001,S002),S003)', '(S004,S005)')	[0, 5425]	0.000
('((S001,S002),S003)', 'S006')	[1033, 3404]	0.304
('((S001,S002),S003)', 'S007')	[969, 3223]	0.301
('((S001,S002),S003)', 'S008')	[5175, 357]	14.458
('((S001,S002),S003)', 'S009')	[5366, 343]	15.602
('((S001,S002),S003)', 'S010')	[5162, 362]	14.223
('(S004,S005)', 'S006')	[1092, 3655]	0.299
('(S004,S005)', 'S007')	[1028, 3502]	0.294
('(S004,S005)', 'S008')	[5560, 385]	14.407
('(S004,S005)', 'S009')	[5720, 378]	15.095
('(S004,S005)', 'S010')	[5449, 427]	12.734
('S006', 'S007')	[0, 4783]	0.000
('S006', 'S008')	[4979, 306]	16.221
('S006', 'S009')	[5144, 294]	17.441
('S006', 'S010')	[4982, 289]	17.183
('S007', 'S008')	[4843, 242]	19.934
('S007', 'S009')	[4987, 230]	21.593
('S007', 'S010')	[4775, 235]	20.237
('S008', 'S009')	[12, 7008]	0.002
('S008', 'S010')	[44, 6679]	0.007
('S009', 'S010')	[32, 6943]	0.005
List of the n/2 smallest d (sorted in function of their finc value)
[('((S001,S002),S003)', '(S004,S005)'), ('S006', 'S007'), ('S008', 'S009')]

('(((S001,S002),S003),(S004,S005))', 'S006')	[454, 4316]	0.105
('(((S001,S002),S003),(S004,S005))', 'S007')	[454, 4152]	0.110
('(((S001,S002),S003),(S004,S005))', 'S008')	[4945, 429]	11.502
('(((S001,S002),S003),(S004,S005))', 'S009')	[5125, 410]	12.472
('(((S001,S002),S003),(S004,S005))', 'S010')	[4906, 463]	10.575
('S006', 'S007')	[0, 4200]	0.000
('S006', 'S008')	[4979, 12]	383.077
('S006', 'S009')	[5144, 0]	5145.000
('S006', 'S010')	[4982, 10]	453.000
('S007', 'S008')	[4843, 12]	372.615
('S007', 'S009')	[4987, 0]	4988.000
('S007', 'S010')	[4775, 32]	144.727
('S008', 'S009')	[12, 5690]	0.002
('S008', 'S010')	[44, 5440]	0.008
('S009', 'S010')	[32, 5637]	0.006
List of the n/2 smallest d (sorted in function of their finc value)
[('S006', 'S007'), ('S008', 'S009'), ('S009', 'S010')]

('(((S001,S002),S003),(S004,S005))', '(S006,S007)')	[0, 5303]	0.000
('(((S001,S002),S003),(S004,S005))', 'S008')	[4945, 12]	380.462
('(((S001,S002),S003),(S004,S005))', 'S009')	[5125, 0]	5126.000
('(((S001,S002),S003),(S004,S005))', 'S010')	[4906, 32]	148.697
('(S006,S007)', 'S008')	[4945, 12]	380.462
('(S006,S007)', 'S009')	[5125, 0]	5126.000
('(S006,S007)', 'S010')	[4906, 32]	148.697
('S008', 'S009')	[12, 4767]	0.003
('S008', 'S010')	[44, 4548]	0.010
('S009', 'S010')	[32, 4728]	0.007
List of the n/2 smallest d (sorted in function of their finc value)
[('(((S001,S002),S003),(S004,S005))', '(S006,S007)'), ('S008', 'S009')]

('((((S001,S002),S003),(S004,S005)),(S006,S007))', 'S008')	[32, 12]	2.538
('((((S001,S002),S003),(S004,S005)),(S006,S007))', 'S009')	[44, 0]	45.000
('((((S001,S002),S003),(S004,S005)),(S006,S007))', 'S010')	[12, 32]	0.394
('S008', 'S009')	[12, 32]	0.394
('S008', 'S010')	[44, 0]	45.000
('S009', 'S010')	[32, 12]	2.538
List of the n/2 smallest d (sorted in function of their finc value)
[('((((S001,S002),S003),(S004,S005)),(S006,S007))', 'S010'), ('S008', 'S009')]

