(G1, G2)		[finc, fcomp]	(finc+1)/(fcomp+1)

('S001', 'S002')	[0, 39]	0.025
('S001', 'S003')	[0, 39]	0.025
('S001', 'S004')	[41, 0]	42.000
('S001', 'S005')	[41, 0]	42.000
('S002', 'S003')	[0, 37]	0.026
('S002', 'S004')	[39, 0]	40.000
('S002', 'S005')	[39, 0]	40.000
('S003', 'S004')	[39, 0]	40.000
('S003', 'S005')	[39, 0]	40.000
('S004', 'S005')	[0, 41]	0.024
List of the n/2 smallest d (sorted in function of their finc value)
[('S004', 'S005'), ('S001', 'S002')]

('S001', 'S002')	[0, 0]	1.000
('S001', 'S003')	[0, 0]	1.000
('S001', '(S004,S005)')	[0, 0]	1.000
('S002', 'S003')	[0, 0]	1.000
('S002', '(S004,S005)')	[0, 0]	1.000
('S003', '(S004,S005)')	[0, 0]	1.000
List of the n/2 smallest d (sorted in function of their finc value)
[('S001', 'S002'), ('S001', 'S003')]

