(G1, G2)		[finc, fcomp]	(finc+1)/(fcomp+1)

('S001', 'S002')	[0, 42]	0.023
('S001', 'S003')	[40, 0]	41.000
('S001', 'S004')	[38, 0]	39.000
('S001', 'S005')	[34, 0]	35.000
('S002', 'S003')	[40, 0]	41.000
('S002', 'S004')	[38, 0]	39.000
('S002', 'S005')	[34, 0]	35.000
('S003', 'S004')	[0, 36]	0.027
('S003', 'S005')	[0, 32]	0.030
('S004', 'S005')	[0, 30]	0.032
List of the n/2 smallest d (sorted in function of their finc value)
[('S001', 'S002'), ('S003', 'S004')]

('(S001,S002)', 'S003')	[0, 0]	1.000
('(S001,S002)', 'S004')	[0, 0]	1.000
('(S001,S002)', 'S005')	[0, 0]	1.000
('S003', 'S004')	[0, 0]	1.000
('S003', 'S005')	[0, 0]	1.000
('S004', 'S005')	[0, 0]	1.000
List of the n/2 smallest d (sorted in function of their finc value)
[('(S001,S002)', 'S003'), ('(S001,S002)', 'S004')]

