(G1, G2)		[finc, fcomp]	(finc+1)/(fcomp+1)

('S001', 'S002')	[0, 9366]	0.000
('S001', 'S003')	[1425, 4345]	0.328
('S001', 'S004')	[4906, 2116]	2.318
('S001', 'S005')	[4727, 2102]	2.248
('S001', 'S006')	[3841, 2570]	1.494
('S001', 'S007')	[5610, 1228]	4.566
('S001', 'S008')	[5623, 1252]	4.488
('S001', 'S009')	[2791, 1953]	1.429
('S001', 'S010')	[197, 118]	1.664
('S002', 'S003')	[1420, 4224]	0.336
('S002', 'S004')	[4795, 2086]	2.298
('S002', 'S005')	[4640, 2054]	2.258
('S002', 'S006')	[3763, 2481]	1.517
('S002', 'S007')	[5551, 1137]	4.879
('S002', 'S008')	[5566, 1171]	4.750
('S002', 'S009')	[2791, 1936]	1.441
('S002', 'S010')	[197, 110]	1.784
('S003', 'S004')	[2260, 3339]	0.677
('S003', 'S005')	[2222, 3259]	0.682
('S003', 'S006')	[1533, 3677]	0.417
('S003', 'S007')	[3369, 1953]	1.725
('S003', 'S008')	[3395, 1975]	1.719
('S003', 'S009')	[1162, 2765]	0.420
('S003', 'S010')	[81, 215]	0.380
('S004', 'S005')	[0, 9184]	0.000
('S004', 'S006')	[519, 7331]	0.071
('S004', 'S007')	[5955, 1080]	5.510
('S004', 'S008')	[6018, 1087]	5.532
('S004', 'S009')	[3140, 1752]	1.792
('S004', 'S010')	[194, 145]	1.336
('S005', 'S006')	[519, 7132]	0.073
('S005', 'S007')	[5912, 994]	5.943
('S005', 'S008')	[5951, 998]	5.958
('S005', 'S009')	[3135, 1712]	1.831
('S005', 'S010')	[168, 137]	1.225
('S006', 'S007')	[5049, 1265]	3.989
('S006', 'S008')	[5097, 1275]	3.995
('S006', 'S009')	[2543, 1974]	1.288
('S006', 'S010')	[154, 179]	0.861
('S007', 'S008')	[0, 9700]	0.000
('S007', 'S009')	[1063, 4384]	0.243
('S007', 'S010')	[119, 224]	0.533
('S008', 'S009')	[1063, 4445]	0.239
('S008', 'S010')	[119, 225]	0.531
('S009', 'S010')	[17, 280]	0.064
List of the n/2 smallest d (sorted in function of their finc value)
[('S007', 'S008'), ('S001', 'S002'), ('S004', 'S005'), ('S009', 'S010'), ('S004', 'S006')]

('S001', 'S002')	[0, 6659]	0.000
('S001', 'S003')	[1425, 2678]	0.532
('S001', 'S004')	[4906, 674]	7.270
('S001', 'S005')	[4727, 652]	7.240
('S001', 'S006')	[3841, 1188]	3.231
('S001', '(S007,S008)')	[2855, 1301]	2.194
('S001', 'S009')	[2791, 1252]	2.228
('S001', 'S010')	[197, 86]	2.276
('S002', 'S003')	[1420, 2581]	0.550
('S002', 'S004')	[4795, 699]	6.851
('S002', 'S005')	[4640, 657]	7.053
('S002', 'S006')	[3763, 1158]	3.248
('S002', '(S007,S008)')	[2855, 1216]	2.347
('S002', 'S009')	[2791, 1277]	2.185
('S002', 'S010')	[197, 78]	2.506
('S003', 'S004')	[2260, 1864]	1.212
('S003', 'S005')	[2222, 1757]	1.265
('S003', 'S006')	[1533, 2229]	0.688
('S003', '(S007,S008)')	[1191, 2038]	0.585
('S003', 'S009')	[1162, 2040]	0.570
('S003', 'S010')	[81, 140]	0.582
('S004', 'S005')	[0, 6484]	0.000
('S004', 'S006')	[519, 5156]	0.101
('S004', '(S007,S008)')	[3150, 1097]	2.870
('S004', 'S009')	[3140, 1085]	2.892
('S004', 'S010')	[194, 76]	2.532
('S005', 'S006')	[519, 5021]	0.104
('S005', '(S007,S008)')	[3124, 1011]	3.088
('S005', 'S009')	[3135, 980]	3.197
('S005', 'S010')	[168, 62]	2.683
('S006', '(S007,S008)')	[2619, 1300]	2.014
('S006', 'S009')	[2543, 1294]	1.964
('S006', 'S010')	[154, 106]	1.449
('(S007,S008)', 'S009')	[20, 4560]	0.005
('(S007,S008)', 'S010')	[6, 225]	0.031
('S009', 'S010')	[17, 218]	0.082
List of the n/2 smallest d (sorted in function of their finc value)
[('S001', 'S002'), ('S004', 'S005'), ('(S007,S008)', 'S010'), ('(S007,S008)', 'S009')]

('(S001,S002)', 'S003')	[13, 2802]	0.005
('(S001,S002)', 'S004')	[2389, 730]	3.269
('(S001,S002)', 'S005')	[2341, 688]	3.399
('(S001,S002)', 'S006')	[1590, 1241]	1.281
('(S001,S002)', '(S007,S008)')	[1172, 1330]	0.881
('(S001,S002)', 'S009')	[1159, 1298]	0.893
('(S001,S002)', 'S010')	[79, 86]	0.920
('S003', 'S004')	[2260, 741]	3.047
('S003', 'S005')	[2222, 734]	3.024
('S003', 'S006')	[1533, 1223]	1.253
('S003', '(S007,S008)')	[1191, 1263]	0.943
('S003', 'S009')	[1162, 1208]	0.962
('S003', 'S010')	[81, 76]	1.065
('S004', 'S005')	[0, 4121]	0.000
('S004', 'S006')	[519, 3056]	0.170
('S004', '(S007,S008)')	[3150, 68]	45.667
('S004', 'S009')	[3140, 74]	41.880
('S004', 'S010')	[194, 0]	195.000
('S005', 'S006')	[519, 3020]	0.172
('S005', '(S007,S008)')	[3124, 64]	48.077
('S005', 'S009')	[3135, 46]	66.723
('S005', 'S010')	[168, 6]	24.143
('S006', '(S007,S008)')	[2619, 348]	7.507
('S006', 'S009')	[2543, 393]	6.457
('S006', 'S010')	[154, 42]	3.605
('(S007,S008)', 'S009')	[20, 3224]	0.007
('(S007,S008)', 'S010')	[6, 181]	0.038
('S009', 'S010')	[17, 157]	0.114
List of the n/2 smallest d (sorted in function of their finc value)
[('S004', 'S005'), ('(S007,S008)', 'S010'), ('(S001,S002)', 'S003'), ('(S007,S008)', 'S009')]

('(S001,S002)', 'S003')	[13, 2121]	0.007
('(S001,S002)', '(S004,S005)')	[1571, 772]	2.034
('(S001,S002)', 'S006')	[1590, 821]	1.936
('(S001,S002)', '(S007,S008)')	[1172, 851]	1.377
('(S001,S002)', 'S009')	[1159, 781]	1.483
('(S001,S002)', 'S010')	[79, 52]	1.509
('S003', '(S004,S005)')	[1526, 783]	1.948
('S003', 'S006')	[1533, 839]	1.826
('S003', '(S007,S008)')	[1191, 822]	1.448
('S003', 'S009')	[1162, 769]	1.510
('S003', 'S010')	[81, 40]	2.000
('(S004,S005)', 'S006')	[1, 3263]	0.001
('(S004,S005)', '(S007,S008)')	[2559, 75]	33.684
('(S004,S005)', 'S009')	[2500, 74]	33.347
('(S004,S005)', 'S010')	[145, 6]	20.857
('S006', '(S007,S008)')	[2619, 83]	31.190
('S006', 'S009')	[2543, 77]	32.615
('S006', 'S010')	[154, 6]	22.143
('(S007,S008)', 'S009')	[20, 2613]	0.008
('(S007,S008)', 'S010')	[6, 156]	0.045
('S009', 'S010')	[17, 127]	0.141
List of the n/2 smallest d (sorted in function of their finc value)
[('(S004,S005)', 'S006'), ('(S001,S002)', 'S003'), ('(S007,S008)', 'S009')]

('(S001,S002)', 'S003')	[13, 993]	0.014
('(S001,S002)', '((S004,S005),S006)')	[141, 885]	0.160
('(S001,S002)', '(S007,S008)')	[1172, 30]	37.839
('(S001,S002)', 'S009')	[1159, 3]	290.000
('(S001,S002)', 'S010')	[79, 8]	8.889
('S003', '((S004,S005),S006)')	[128, 894]	0.144
('S003', '(S007,S008)')	[1191, 17]	66.222
('S003', 'S009')	[1161, 3]	290.500
('S003', 'S010')	[81, 14]	5.467
('((S004,S005),S006)', '(S007,S008)')	[1136, 85]	13.221
('((S004,S005),S006)', 'S009')	[1106, 81]	13.500
('((S004,S005),S006)', 'S010')	[67, 6]	9.714
('(S007,S008)', 'S009')	[20, 1346]	0.016
('(S007,S008)', 'S010')	[6, 83]	0.083
('S009', 'S010')	[17, 66]	0.269
List of the n/2 smallest d (sorted in function of their finc value)
[('(S007,S008)', 'S010'), ('(S001,S002)', 'S003'), ('(S007,S008)', 'S009')]

('(S001,S002)', 'S003')	[13, 970]	0.014
('(S001,S002)', '((S004,S005),S006)')	[141, 874]	0.162
('(S001,S002)', '((S007,S008),S010)')	[1169, 30]	37.742
('(S001,S002)', 'S009')	[1159, 0]	1160.000
('S003', '((S004,S005),S006)')	[128, 883]	0.146
('S003', '((S007,S008),S010)')	[1178, 17]	65.500
('S003', 'S009')	[1155, 0]	1156.000
('((S004,S005),S006)', '((S007,S008),S010)')	[1136, 91]	12.359
('((S004,S005),S006)', 'S009')	[1106, 81]	13.500
('((S007,S008),S010)', 'S009')	[17, 1354]	0.013
List of the n/2 smallest d (sorted in function of their finc value)
[('(S001,S002)', 'S003'), ('((S007,S008),S010)', 'S009')]

('((S001,S002),S003)', '((S004,S005),S006)')	[17, 1106]	0.016
('((S001,S002),S003)', '((S007,S008),S010)')	[1106, 17]	61.500
('((S001,S002),S003)', 'S009')	[1123, 0]	1124.000
('((S004,S005),S006)', '((S007,S008),S010)')	[1123, 0]	1124.000
('((S004,S005),S006)', 'S009')	[1106, 17]	61.500
('((S007,S008),S010)', 'S009')	[17, 1106]	0.016
List of the n/2 smallest d (sorted in function of their finc value)
[('((S001,S002),S003)', '((S004,S005),S006)'), ('((S007,S008),S010)', 'S009')]

