(G1, G2)		[finc, fcomp]	(finc+1)/(fcomp+1)

('S001', 'S002')	[0, 12]	0.077
('S001', 'S003')	[12, 0]	13.000
('S001', 'S004')	[12, 0]	13.000
('S001', 'S005')	[0, 0]	1.000
('S002', 'S003')	[12, 0]	13.000
('S002', 'S004')	[12, 0]	13.000
('S002', 'S005')	[0, 0]	1.000
('S003', 'S004')	[0, 12]	0.077
('S003', 'S005')	[0, 0]	1.000
('S004', 'S005')	[0, 0]	1.000
List of the n/2 smallest d (sorted in function of their finc value)
[('S001', 'S002'), ('S003', 'S004')]

('(S001,S002)', 'S003')	[0, 0]	1.000
('(S001,S002)', 'S004')	[0, 0]	1.000
('(S001,S002)', 'S005')	[0, 0]	1.000
('S003', 'S004')	[0, 0]	1.000
('S003', 'S005')	[0, 0]	1.000
('S004', 'S005')	[0, 0]	1.000
List of the n/2 smallest d (sorted in function of their finc value)
[('(S001,S002)', 'S003'), ('(S001,S002)', 'S004')]

