(G1, G2)		[finc, fcomp]	(finc+1)/(fcomp+1)

('S001', 'S002')	[0, 12226]	0.000
('S001', 'S003')	[1178, 4349]	0.271
('S001', 'S004')	[4667, 2826]	1.651
('S001', 'S005')	[4578, 2708]	1.690
('S001', 'S006')	[5132, 144]	35.400
('S001', 'S007')	[5133, 145]	35.164
('S001', 'S008')	[4768, 2711]	1.758
('S001', 'S009')	[4646, 2720]	1.708
('S001', 'S010')	[3854, 2894]	1.332
('S002', 'S003')	[1178, 4250]	0.277
('S002', 'S004')	[4658, 2792]	1.668
('S002', 'S005')	[4564, 2674]	1.707
('S002', 'S006')	[5087, 156]	32.408
('S002', 'S007')	[5088, 159]	31.806
('S002', 'S008')	[4724, 2674]	1.766
('S002', 'S009')	[4607, 2681]	1.718
('S002', 'S010')	[3840, 2808]	1.367
('S003', 'S004')	[1654, 3062]	0.540
('S003', 'S005')	[1622, 2975]	0.545
('S003', 'S006')	[2887, 288]	9.993
('S003', 'S007')	[2887, 295]	9.757
('S003', 'S008')	[1567, 3311]	0.473
('S003', 'S009')	[1505, 3268]	0.461
('S003', 'S010')	[1097, 3503]	0.313
('S004', 'S005')	[0, 11430]	0.000
('S004', 'S006')	[4903, 324]	15.089
('S004', 'S007')	[4916, 317]	15.462
('S004', 'S008')	[3299, 4415]	0.747
('S004', 'S009')	[3240, 4484]	0.723
('S004', 'S010')	[2391, 4774]	0.501
('S005', 'S006')	[4838, 303]	15.918
('S005', 'S007')	[4851, 302]	16.013
('S005', 'S008')	[3226, 4274]	0.755
('S005', 'S009')	[3183, 4369]	0.729
('S005', 'S010')	[2359, 4589]	0.514
('S006', 'S007')	[0, 10135]	0.000
('S006', 'S008')	[5141, 249]	20.568
('S006', 'S009')	[5176, 218]	23.639
('S006', 'S010')	[4678, 286]	16.303
('S007', 'S008')	[5134, 235]	21.758
('S007', 'S009')	[5169, 231]	22.284
('S007', 'S010')	[4680, 304]	15.348
('S008', 'S009')	[32, 11185]	0.003
('S008', 'S010')	[389, 8812]	0.044
('S009', 'S010')	[409, 8675]	0.047
List of the n/2 smallest d (sorted in function of their finc value)
[('S001', 'S002'), ('S004', 'S005'), ('S006', 'S007'), ('S008', 'S009'), ('S008', 'S010')]

('(S001,S002)', 'S003')	[15, 4493]	0.004
('(S001,S002)', 'S004')	[1712, 3006]	0.570
('(S001,S002)', 'S005')	[1680, 2908]	0.578
('(S001,S002)', 'S006')	[3412, 168]	20.195
('(S001,S002)', 'S007')	[3412, 171]	19.843
('(S001,S002)', 'S008')	[1769, 2891]	0.612
('(S001,S002)', 'S009')	[1715, 2901]	0.591
('(S001,S002)', 'S010')	[1317, 3064]	0.430
('S003', 'S004')	[1654, 2265]	0.730
('S003', 'S005')	[1622, 2210]	0.734
('S003', 'S006')	[2887, 186]	15.444
('S003', 'S007')	[2887, 189]	15.200
('S003', 'S008')	[1567, 2462]	0.637
('S003', 'S009')	[1505, 2449]	0.615
('S003', 'S010')	[1097, 2738]	0.401
('S004', 'S005')	[0, 8583]	0.000
('S004', 'S006')	[4903, 172]	28.347
('S004', 'S007')	[4916, 165]	29.620
('S004', 'S008')	[3299, 2879]	1.146
('S004', 'S009')	[3240, 2951]	1.098
('S004', 'S010')	[2391, 3317]	0.721
('S005', 'S006')	[4838, 149]	32.260
('S005', 'S007')	[4851, 150]	32.132
('S005', 'S008')	[3226, 2778]	1.161
('S005', 'S009')	[3183, 2862]	1.112
('S005', 'S010')	[2359, 3214]	0.734
('S006', 'S007')	[0, 8229]	0.000
('S006', 'S008')	[5141, 99]	51.420
('S006', 'S009')	[5176, 85]	60.198
('S006', 'S010')	[4678, 143]	32.493
('S007', 'S008')	[5134, 95]	53.490
('S007', 'S009')	[5169, 97]	52.755
('S007', 'S010')	[4680, 157]	29.627
('S008', 'S009')	[32, 8405]	0.004
('S008', 'S010')	[389, 6578]	0.059
('S009', 'S010')	[409, 6503]	0.063
List of the n/2 smallest d (sorted in function of their finc value)
[('S004', 'S005'), ('S006', 'S007'), ('(S001,S002)', 'S003'), ('S008', 'S009')]

('(S001,S002)', 'S003')	[15, 3580]	0.004
('(S001,S002)', '(S004,S005)')	[476, 3246]	0.147
('(S001,S002)', 'S006')	[3412, 100]	33.792
('(S001,S002)', 'S007')	[3412, 100]	33.792
('(S001,S002)', 'S008')	[1769, 2165]	0.817
('(S001,S002)', 'S009')	[1715, 2143]	0.800
('(S001,S002)', 'S010')	[1317, 2348]	0.561
('S003', '(S004,S005)')	[479, 2486]	0.193
('S003', 'S006')	[2887, 125]	22.921
('S003', 'S007')	[2887, 115]	24.897
('S003', 'S008')	[1567, 1754]	0.893
('S003', 'S009')	[1505, 1724]	0.873
('S003', 'S010')	[1097, 2066]	0.531
('(S004,S005)', 'S006')	[3854, 172]	22.283
('(S004,S005)', 'S007')	[3854, 165]	23.223
('(S004,S005)', 'S008')	[1235, 3153]	0.392
('(S004,S005)', 'S009')	[1183, 3207]	0.369
('(S004,S005)', 'S010')	[684, 3593]	0.191
('S006', 'S007')	[0, 6873]	0.000
('S006', 'S008')	[5141, 13]	367.286
('S006', 'S009')	[5176, 13]	369.786
('S006', 'S010')	[4678, 54]	85.073
('S007', 'S008')	[5134, 13]	366.786
('S007', 'S009')	[5169, 13]	369.286
('S007', 'S010')	[4680, 54]	85.109
('S008', 'S009')	[32, 6496]	0.005
('S008', 'S010')	[389, 5111]	0.076
('S009', 'S010')	[409, 5019]	0.082
List of the n/2 smallest d (sorted in function of their finc value)
[('S006', 'S007'), ('(S001,S002)', 'S003'), ('S008', 'S009'), ('S008', 'S010')]

('(S001,S002)', 'S003')	[15, 1418]	0.011
('(S001,S002)', '(S004,S005)')	[476, 911]	0.523
('(S001,S002)', '(S006,S007)')	[29, 110]	0.270
('(S001,S002)', 'S008')	[1769, 35]	49.167
('(S001,S002)', 'S009')	[1715, 33]	50.471
('(S001,S002)', 'S010')	[1317, 212]	6.188
('S003', '(S004,S005)')	[479, 661]	0.725
('S003', '(S006,S007)')	[29, 131]	0.227
('S003', 'S008')	[1567, 38]	40.205
('S003', 'S009')	[1505, 22]	65.478
('S003', 'S010')	[1097, 254]	4.306
('(S004,S005)', '(S006,S007)')	[0, 180]	0.006
('(S004,S005)', 'S008')	[1235, 388]	3.177
('(S004,S005)', 'S009')	[1183, 407]	2.902
('(S004,S005)', 'S010')	[684, 682]	1.003
('(S006,S007)', 'S008')	[216, 13]	15.500
('(S006,S007)', 'S009')	[212, 13]	15.214
('(S006,S007)', 'S010')	[145, 54]	2.655
('S008', 'S009')	[32, 1991]	0.017
('S008', 'S010')	[389, 1321]	0.295
('S009', 'S010')	[409, 1237]	0.331
List of the n/2 smallest d (sorted in function of their finc value)
[('(S004,S005)', '(S006,S007)'), ('(S001,S002)', 'S003'), ('S008', 'S009')]

('(S001,S002)', 'S003')	[15, 1402]	0.011
('(S001,S002)', '((S004,S005),(S006,S007))')	[467, 934]	0.501
('(S001,S002)', 'S008')	[1769, 27]	63.214
('(S001,S002)', 'S009')	[1715, 25]	66.000
('(S001,S002)', 'S010')	[1317, 204]	6.429
('S003', '((S004,S005),(S006,S007))')	[470, 699]	0.673
('S003', 'S008')	[1567, 30]	50.581
('S003', 'S009')	[1505, 14]	100.400
('S003', 'S010')	[1097, 246]	4.445
('((S004,S005),(S006,S007))', 'S008')	[1230, 395]	3.109
('((S004,S005),(S006,S007))', 'S009')	[1182, 414]	2.851
('((S004,S005),(S006,S007))', 'S010')	[655, 710]	0.923
('S008', 'S009')	[32, 1940]	0.017
('S008', 'S010')	[389, 1284]	0.304
('S009', 'S010')	[409, 1204]	0.340
List of the n/2 smallest d (sorted in function of their finc value)
[('(S001,S002)', 'S003'), ('S008', 'S009'), ('S008', 'S010')]

('((S001,S002),S003)', '((S004,S005),(S006,S007))')	[30, 1157]	0.027
('((S001,S002),S003)', 'S008')	[1181, 30]	38.129
('((S001,S002),S003)', 'S009')	[1177, 14]	78.533
('((S001,S002),S003)', 'S010')	[653, 315]	2.070
('((S004,S005),(S006,S007))', 'S008')	[1215, 0]	1216.000
('((S004,S005),(S006,S007))', 'S009')	[1167, 28]	40.276
('((S004,S005),(S006,S007))', 'S010')	[655, 317]	2.063
('S008', 'S009')	[32, 1187]	0.028
('S008', 'S010')	[374, 622]	0.602
('S009', 'S010')	[394, 582]	0.678
List of the n/2 smallest d (sorted in function of their finc value)
[('((S001,S002),S003)', '((S004,S005),(S006,S007))'), ('S008', 'S009')]

('(((S001,S002),S003),((S004,S005),(S006,S007)))', 'S008')	[376, 0]	377.000
('(((S001,S002),S003),((S004,S005),(S006,S007)))', 'S009')	[362, 14]	24.200
('(((S001,S002),S003),((S004,S005),(S006,S007)))', 'S010')	[14, 362]	0.041
('S008', 'S009')	[14, 362]	0.041
('S008', 'S010')	[362, 14]	24.200
('S009', 'S010')	[376, 0]	377.000
List of the n/2 smallest d (sorted in function of their finc value)
[('(((S001,S002),S003),((S004,S005),(S006,S007)))', 'S010'), ('S008', 'S009')]

