(G1, G2)		[finc, fcomp]	(finc+1)/(fcomp+1)

('S001', 'S002')	[20, 6246]	0.003
('S001', 'S003')	[3681, 879]	4.184
('S001', 'S004')	[3700, 884]	4.182
('S001', 'S005')	[3716, 886]	4.191
('S001', 'S006')	[3597, 862]	4.169
('S001', 'S007')	[3129, 985]	3.174
('S001', 'S008')	[2259, 1226]	1.842
('S001', 'S009')	[2310, 1164]	1.984
('S001', 'S010')	[1494, 1435]	1.041
('S002', 'S003')	[3631, 830]	4.371
('S002', 'S004')	[3618, 904]	3.999
('S002', 'S005')	[3670, 799]	4.589
('S002', 'S006')	[3535, 821]	4.302
('S002', 'S007')	[3124, 897]	3.480
('S002', 'S008')	[2229, 1176]	1.895
('S002', 'S009')	[2256, 1170]	1.927
('S002', 'S010')	[1471, 1390]	1.058
('S003', 'S004')	[43, 5480]	0.008
('S003', 'S005')	[1381, 3115]	0.444
('S003', 'S006')	[1336, 3141]	0.426
('S003', 'S007')	[900, 3179]	0.283
('S003', 'S008')	[2245, 1278]	1.756
('S003', 'S009')	[2361, 1168]	2.021
('S003', 'S010')	[1346, 1348]	0.999
('S004', 'S005')	[1365, 3221]	0.424
('S004', 'S006')	[1353, 3143]	0.431
('S004', 'S007')	[935, 3125]	0.299
('S004', 'S008')	[2331, 1223]	1.905
('S004', 'S009')	[2393, 1148]	2.084
('S004', 'S010')	[1342, 1429]	0.939
('S005', 'S006')	[52, 5130]	0.010
('S005', 'S007')	[324, 4096]	0.079
('S005', 'S008')	[2321, 1136]	2.042
('S005', 'S009')	[2287, 1261]	1.813
('S005', 'S010')	[1314, 1432]	0.918
('S006', 'S007')	[302, 3943]	0.077
('S006', 'S008')	[2333, 1005]	2.320
('S006', 'S009')	[2272, 1123]	2.022
('S006', 'S010')	[1325, 1291]	1.026
('S007', 'S008')	[1849, 1324]	1.396
('S007', 'S009')	[1834, 1248]	1.469
('S007', 'S010')	[1005, 1422]	0.707
('S008', 'S009')	[7, 4105]	0.002
('S008', 'S010')	[441, 2138]	0.207
('S009', 'S010')	[441, 2106]	0.210
List of the n/2 smallest d (sorted in function of their finc value)
[('S008', 'S009'), ('S001', 'S002'), ('S003', 'S004'), ('S005', 'S006'), ('S006', 'S007')]

('S001', 'S002')	[20, 5512]	0.004
('S001', 'S003')	[3676, 476]	7.709
('S001', 'S004')	[3695, 475]	7.765
('S001', 'S005')	[3716, 533]	6.961
('S001', 'S006')	[3595, 498]	7.206
('S001', 'S007')	[3129, 662]	4.721
('S001', '(S008,S009)')	[1922, 1607]	1.196
('S001', 'S010')	[1494, 1197]	1.248
('S002', 'S003')	[3626, 441]	8.206
('S002', 'S004')	[3613, 497]	7.257
('S002', 'S005')	[3670, 455]	8.050
('S002', 'S006')	[3533, 482]	7.317
('S002', 'S007')	[3124, 605]	5.157
('S002', '(S008,S009)')	[1891, 1551]	1.219
('S002', 'S010')	[1471, 1170]	1.257
('S003', 'S004')	[43, 4587]	0.010
('S003', 'S005')	[1381, 2399]	0.576
('S003', 'S006')	[1336, 2434]	0.549
('S003', 'S007')	[900, 2534]	0.355
('S003', '(S008,S009)')	[1651, 1581]	1.044
('S003', 'S010')	[1346, 1064]	1.265
('S004', 'S005')	[1365, 2471]	0.553
('S004', 'S006')	[1353, 2437]	0.555
('S004', 'S007')	[935, 2499]	0.374
('S004', '(S008,S009)')	[1705, 1551]	1.099
('S004', 'S010')	[1342, 1105]	1.214
('S005', 'S006')	[52, 4301]	0.012
('S005', 'S007')	[324, 3402]	0.096
('S005', '(S008,S009)')	[1651, 1572]	1.050
('S005', 'S010')	[1314, 1138]	1.155
('S006', 'S007')	[302, 3295]	0.092
('S006', '(S008,S009)')	[1668, 1432]	1.165
('S006', 'S010')	[1325, 1013]	1.308
('S007', '(S008,S009)')	[1256, 1648]	0.762
('S007', 'S010')	[1005, 1178]	0.853
('(S008,S009)', 'S010')	[18, 2737]	0.007
List of the n/2 smallest d (sorted in function of their finc value)
[('(S008,S009)', 'S010'), ('S001', 'S002'), ('S003', 'S004'), ('S005', 'S006')]

('S001', 'S002')	[20, 5141]	0.004
('S001', 'S003')	[3667, 363]	10.077
('S001', 'S004')	[3695, 360]	10.238
('S001', 'S005')	[3716, 398]	9.316
('S001', 'S006')	[3595, 366]	9.798
('S001', 'S007')	[3129, 558]	5.599
('S001', '((S008,S009),S010)')	[1786, 2055]	0.869
('S002', 'S003')	[3617, 342]	10.548
('S002', 'S004')	[3613, 373]	9.663
('S002', 'S005')	[3670, 334]	10.958
('S002', 'S006')	[3533, 363]	9.709
('S002', 'S007')	[3124, 506]	6.164
('S002', '((S008,S009),S010)')	[1766, 2004]	0.881
('S003', 'S004')	[25, 4290]	0.006
('S003', 'S005')	[1363, 2173]	0.627
('S003', 'S006')	[1318, 2194]	0.601
('S003', 'S007')	[891, 2349]	0.380
('S003', '((S008,S009),S010)')	[1606, 1823]	0.881
('S004', 'S005')	[1365, 2227]	0.613
('S004', 'S006')	[1353, 2175]	0.622
('S004', 'S007')	[935, 2299]	0.407
('S004', '((S008,S009),S010)')	[1607, 1827]	0.880
('S005', 'S006')	[52, 3982]	0.013
('S005', 'S007')	[324, 3160]	0.103
('S005', '((S008,S009),S010)')	[1591, 1845]	0.862
('S006', 'S007')	[302, 3038]	0.100
('S006', '((S008,S009),S010)')	[1586, 1717]	0.924
('S007', '((S008,S009),S010)')	[1184, 1906]	0.621
List of the n/2 smallest d (sorted in function of their finc value)
[('S001', 'S002'), ('S003', 'S004'), ('S005', 'S006'), ('S006', 'S007')]

('(S001,S002)', 'S003')	[1481, 407]	3.632
('(S001,S002)', 'S004')	[1469, 404]	3.630
('(S001,S002)', 'S005')	[1448, 381]	3.793
('(S001,S002)', 'S006')	[1501, 386]	3.881
('(S001,S002)', 'S007')	[1122, 600]	1.869
('(S001,S002)', '((S008,S009),S010)')	[0, 2283]	0.000
('S003', 'S004')	[25, 2276]	0.011
('S003', 'S005')	[1363, 524]	2.598
('S003', 'S006')	[1318, 684]	1.926
('S003', 'S007')	[891, 841]	1.059
('S003', '((S008,S009),S010)')	[1606, 508]	3.157
('S004', 'S005')	[1345, 551]	2.438
('S004', 'S006')	[1353, 613]	2.205
('S004', 'S007')	[935, 795]	1.176
('S004', '((S008,S009),S010)')	[1607, 493]	3.255
('S005', 'S006')	[32, 2105]	0.016
('S005', 'S007')	[312, 1510]	0.207
('S005', '((S008,S009),S010)')	[1571, 483]	3.248
('S006', 'S007')	[302, 1518]	0.199
('S006', '((S008,S009),S010)')	[1586, 516]	3.070
('S007', '((S008,S009),S010)')	[1184, 674]	1.756
List of the n/2 smallest d (sorted in function of their finc value)
[('(S001,S002)', '((S008,S009),S010)'), ('S003', 'S004'), ('S005', 'S006')]

('((S001,S002),((S008,S009),S010))', 'S003')	[748, 583]	1.283
('((S001,S002),((S008,S009),S010))', 'S004')	[771, 573]	1.345
('((S001,S002),((S008,S009),S010))', 'S005')	[694, 563]	1.232
('((S001,S002),((S008,S009),S010))', 'S006')	[646, 576]	1.121
('((S001,S002),((S008,S009),S010))', 'S007')	[266, 793]	0.336
('S003', 'S004')	[25, 1472]	0.018
('S003', 'S005')	[1363, 6]	194.857
('S003', 'S006')	[1318, 28]	45.483
('S003', 'S007')	[891, 245]	3.626
('S004', 'S005')	[1345, 35]	37.389
('S004', 'S006')	[1353, 16]	79.647
('S004', 'S007')	[935, 230]	4.052
('S005', 'S006')	[32, 1294]	0.025
('S005', 'S007')	[312, 763]	0.410
('S006', 'S007')	[302, 751]	0.403
List of the n/2 smallest d (sorted in function of their finc value)
[('S003', 'S004'), ('S005', 'S006'), ('((S001,S002),((S008,S009),S010))', 'S007')]

('((S001,S002),((S008,S009),S010))', '(S003,S004)')	[10, 657]	0.017
('((S001,S002),((S008,S009),S010))', 'S005')	[675, 0]	676.000
('((S001,S002),((S008,S009),S010))', 'S006')	[646, 12]	49.769
('((S001,S002),((S008,S009),S010))', 'S007')	[257, 273]	0.942
('(S003,S004)', 'S005')	[665, 10]	60.545
('(S003,S004)', 'S006')	[642, 16]	37.824
('(S003,S004)', 'S007')	[271, 259]	1.046
('S005', 'S006')	[16, 650]	0.026
('S005', 'S007')	[296, 242]	1.222
('S006', 'S007')	[302, 219]	1.377
List of the n/2 smallest d (sorted in function of their finc value)
[('((S001,S002),((S008,S009),S010))', '(S003,S004)'), ('S005', 'S006')]

('(((S001,S002),((S008,S009),S010)),(S003,S004))', 'S005')	[302, 0]	303.000
('(((S001,S002),((S008,S009),S010)),(S003,S004))', 'S006')	[286, 16]	16.882
('(((S001,S002),((S008,S009),S010)),(S003,S004))', 'S007')	[16, 286]	0.059
('S005', 'S006')	[16, 286]	0.059
('S005', 'S007')	[286, 16]	16.882
('S006', 'S007')	[302, 0]	303.000
List of the n/2 smallest d (sorted in function of their finc value)
[('(((S001,S002),((S008,S009),S010)),(S003,S004))', 'S007'), ('S005', 'S006')]

