(G1, G2)		[finc, fcomp]	(finc+1)/(fcomp+1)

('S001', 'S002')	[0, 16]	0.059
('S001', 'S003')	[16, 0]	17.000
('S001', 'S004')	[16, 0]	17.000
('S001', 'S005')	[0, 8]	0.111
('S002', 'S003')	[16, 0]	17.000
('S002', 'S004')	[16, 0]	17.000
('S002', 'S005')	[0, 8]	0.111
('S003', 'S004')	[0, 16]	0.059
('S003', 'S005')	[8, 0]	9.000
('S004', 'S005')	[8, 0]	9.000
List of the n/2 smallest d (sorted in function of their finc value)
[('S001', 'S002'), ('S003', 'S004')]

('(S001,S002)', 'S003')	[8, 0]	9.000
('(S001,S002)', 'S004')	[8, 0]	9.000
('(S001,S002)', 'S005')	[0, 8]	0.111
('S003', 'S004')	[0, 8]	0.111
('S003', 'S005')	[8, 0]	9.000
('S004', 'S005')	[8, 0]	9.000
List of the n/2 smallest d (sorted in function of their finc value)
[('(S001,S002)', 'S005'), ('S003', 'S004')]

