(G1, G2)		[finc, fcomp]	(finc+1)/(fcomp+1)

('S001', 'S002')	[0, 11848]	0.000
('S001', 'S003')	[1968, 5818]	0.338
('S001', 'S004')	[2052, 5571]	0.368
('S001', 'S005')	[1298, 6164]	0.211
('S001', 'S006')	[2308, 4366]	0.529
('S001', 'S007')	[2235, 4650]	0.481
('S001', 'S008')	[8014, 20]	381.667
('S001', 'S009')	[8115, 26]	300.593
('S001', 'S010')	[7458, 11]	621.583
('S002', 'S003')	[1994, 5901]	0.338
('S002', 'S004')	[2078, 5630]	0.369
('S002', 'S005')	[1313, 6257]	0.210
('S002', 'S006')	[2300, 4481]	0.513
('S002', 'S007')	[2223, 4764]	0.467
('S002', 'S008')	[8124, 16]	477.941
('S002', 'S009')	[8236, 22]	358.130
('S002', 'S010')	[7582, 7]	947.875
('S003', 'S004')	[22, 8913]	0.003
('S003', 'S005')	[476, 6693]	0.071
('S003', 'S006')	[1266, 4978]	0.254
('S003', 'S007')	[1323, 5027]	0.263
('S003', 'S008')	[7136, 62]	113.286
('S003', 'S009')	[7185, 64]	110.554
('S003', 'S010')	[6712, 57]	115.741
('S004', 'S005')	[488, 6619]	0.074
('S004', 'S006')	[1306, 4721]	0.277
('S004', 'S007')	[1325, 4940]	0.268
('S004', 'S008')	[6837, 66]	102.060
('S004', 'S009')	[6969, 68]	101.014
('S004', 'S010')	[6489, 46]	138.085
('S005', 'S006')	[801, 5218]	0.154
('S005', 'S007')	[826, 5467]	0.151
('S005', 'S008')	[6548, 83]	77.964
('S005', 'S009')	[6569, 89]	73.000
('S005', 'S010')	[6079, 61]	98.065
('S006', 'S007')	[34, 7948]	0.004
('S006', 'S008')	[5963, 89]	66.267
('S006', 'S009')	[6004, 113]	52.675
('S006', 'S010')	[5656, 81]	68.988
('S007', 'S008')	[6230, 104]	59.343
('S007', 'S009')	[6227, 124]	49.824
('S007', 'S010')	[5915, 90]	65.011
('S008', 'S009')	[0, 10749]	0.000
('S008', 'S010')	[3, 9967]	0.000
('S009', 'S010')	[3, 10083]	0.000
List of the n/2 smallest d (sorted in function of their finc value)
[('S001', 'S002'), ('S008', 'S009'), ('S009', 'S010'), ('S008', 'S010'), ('S003', 'S004')]

('(S001,S002)', 'S003')	[535, 6155]	0.087
('(S001,S002)', 'S004')	[545, 5862]	0.093
('(S001,S002)', 'S005')	[44, 6509]	0.007
('(S001,S002)', 'S006')	[854, 4671]	0.183
('(S001,S002)', 'S007')	[866, 4913]	0.176
('(S001,S002)', 'S008')	[6898, 20]	328.524
('(S001,S002)', 'S009')	[6995, 26]	259.111
('(S001,S002)', 'S010')	[6467, 11]	539.000
('S003', 'S004')	[22, 7620]	0.003
('S003', 'S005')	[476, 5778]	0.083
('S003', 'S006')	[1266, 4157]	0.305
('S003', 'S007')	[1323, 4280]	0.309
('S003', 'S008')	[7136, 4]	1427.400
('S003', 'S009')	[7185, 4]	1437.200
('S003', 'S010')	[6712, 7]	839.125
('S004', 'S005')	[488, 5607]	0.087
('S004', 'S006')	[1306, 3813]	0.343
('S004', 'S007')	[1325, 4121]	0.322
('S004', 'S008')	[6837, 4]	1367.600
('S004', 'S009')	[6969, 4]	1394.000
('S004', 'S010')	[6489, 4]	1298.000
('S005', 'S006')	[801, 4400]	0.182
('S005', 'S007')	[826, 4678]	0.177
('S005', 'S008')	[6548, 29]	218.300
('S005', 'S009')	[6569, 35]	182.500
('S005', 'S010')	[6079, 23]	253.333
('S006', 'S007')	[34, 6723]	0.005
('S006', 'S008')	[5963, 23]	248.500
('S006', 'S009')	[6004, 43]	136.477
('S006', 'S010')	[5656, 45]	122.978
('S007', 'S008')	[6230, 22]	270.913
('S007', 'S009')	[6227, 38]	159.692
('S007', 'S010')	[5915, 38]	151.692
('S008', 'S009')	[0, 9365]	0.000
('S008', 'S010')	[3, 8725]	0.000
('S009', 'S010')	[3, 8837]	0.000
List of the n/2 smallest d (sorted in function of their finc value)
[('S008', 'S009'), ('S009', 'S010'), ('S008', 'S010'), ('S003', 'S004')]

('(S001,S002)', 'S003')	[535, 5345]	0.100
('(S001,S002)', 'S004')	[545, 5133]	0.106
('(S001,S002)', 'S005')	[44, 5632]	0.008
('(S001,S002)', 'S006')	[854, 3996]	0.214
('(S001,S002)', 'S007')	[866, 4281]	0.202
('(S001,S002)', '(S008,S009)')	[6467, 26]	239.556
('(S001,S002)', 'S010')	[6467, 11]	539.000
('S003', 'S004')	[22, 6788]	0.003
('S003', 'S005')	[476, 5011]	0.095
('S003', 'S006')	[1266, 3557]	0.356
('S003', 'S007')	[1323, 3696]	0.358
('S003', '(S008,S009)')	[6723, 4]	1344.800
('S003', 'S010')	[6712, 4]	1342.600
('S004', 'S005')	[488, 4880]	0.100
('S004', 'S006')	[1306, 3229]	0.405
('S004', 'S007')	[1325, 3564]	0.372
('S004', '(S008,S009)')	[6500, 4]	1300.200
('S004', 'S010')	[6489, 4]	1298.000
('S005', 'S006')	[801, 3723]	0.215
('S005', 'S007')	[826, 4035]	0.205
('S005', '(S008,S009)')	[6079, 35]	168.889
('S005', 'S010')	[6079, 20]	289.524
('S006', 'S007')	[34, 6018]	0.006
('S006', '(S008,S009)')	[5660, 43]	128.659
('S006', 'S010')	[5656, 45]	122.978
('S007', '(S008,S009)')	[5919, 38]	151.795
('S007', 'S010')	[5915, 38]	151.692
('(S008,S009)', 'S010')	[0, 9725]	0.000
List of the n/2 smallest d (sorted in function of their finc value)
[('(S008,S009)', 'S010'), ('S003', 'S004'), ('S006', 'S007'), ('(S001,S002)', 'S005')]

('(S001,S002)', 'S003')	[535, 652]	0.821
('(S001,S002)', 'S004')	[545, 685]	0.796
('(S001,S002)', 'S005')	[44, 1028]	0.044
('(S001,S002)', 'S006')	[854, 325]	2.623
('(S001,S002)', 'S007')	[866, 369]	2.343
('(S001,S002)', '((S008,S009),S010)')	[17, 30]	0.581
('S003', 'S004')	[22, 1370]	0.017
('S003', 'S005')	[476, 613]	0.777
('S003', 'S006')	[1266, 16]	74.529
('S003', 'S007')	[1323, 18]	69.684
('S003', '((S008,S009),S010)')	[60, 4]	12.200
('S004', 'S005')	[488, 660]	0.740
('S004', 'S006')	[1306, 8]	145.222
('S004', 'S007')	[1325, 52]	25.019
('S004', '((S008,S009),S010)')	[60, 4]	12.200
('S005', 'S006')	[801, 290]	2.756
('S005', 'S007')	[826, 315]	2.617
('S005', '((S008,S009),S010)')	[29, 39]	0.750
('S006', 'S007')	[34, 1414]	0.025
('S006', '((S008,S009),S010)')	[8, 47]	0.188
('S007', '((S008,S009),S010)')	[8, 38]	0.231
List of the n/2 smallest d (sorted in function of their finc value)
[('S003', 'S004'), ('S006', 'S007'), ('(S001,S002)', 'S005')]

('(S001,S002)', '(S003,S004)')	[74, 754]	0.099
('(S001,S002)', 'S005')	[44, 627]	0.072
('(S001,S002)', 'S006')	[838, 41]	19.976
('(S001,S002)', 'S007')	[860, 44]	19.133
('(S001,S002)', '((S008,S009),S010)')	[17, 8]	2.000
('(S003,S004)', 'S005')	[12, 738]	0.018
('(S003,S004)', 'S006')	[950, 8]	105.667
('(S003,S004)', 'S007')	[953, 30]	30.774
('(S003,S004)', '((S008,S009),S010)')	[29, 4]	6.000
('S005', 'S006')	[801, 0]	802.000
('S005', 'S007')	[826, 0]	827.000
('S005', '((S008,S009),S010)')	[29, 8]	3.333
('S006', 'S007')	[18, 1016]	0.019
('S006', '((S008,S009),S010)')	[8, 29]	0.300
('S007', '((S008,S009),S010)')	[8, 29]	0.300
List of the n/2 smallest d (sorted in function of their finc value)
[('(S003,S004)', 'S005'), ('S006', 'S007'), ('(S001,S002)', 'S005')]

('(S001,S002)', '((S003,S004),S005)')	[18, 830]	0.023
('(S001,S002)', 'S006')	[830, 18]	43.737
('(S001,S002)', 'S007')	[848, 0]	849.000
('(S001,S002)', '((S008,S009),S010)')	[17, 8]	2.000
('((S003,S004),S005)', 'S006')	[848, 0]	849.000
('((S003,S004),S005)', 'S007')	[830, 18]	43.737
('((S003,S004),S005)', '((S008,S009),S010)')	[17, 8]	2.000
('S006', 'S007')	[18, 830]	0.023
('S006', '((S008,S009),S010)')	[8, 17]	0.500
('S007', '((S008,S009),S010)')	[8, 17]	0.500
List of the n/2 smallest d (sorted in function of their finc value)
[('(S001,S002)', '((S003,S004),S005)'), ('S006', 'S007')]

('((S001,S002),((S003,S004),S005))', 'S006')	[8, 0]	9.000
('((S001,S002),((S003,S004),S005))', 'S007')	[8, 0]	9.000
('((S001,S002),((S003,S004),S005))', '((S008,S009),S010)')	[0, 8]	0.111
('S006', 'S007')	[0, 8]	0.111
('S006', '((S008,S009),S010)')	[8, 0]	9.000
('S007', '((S008,S009),S010)')	[8, 0]	9.000
List of the n/2 smallest d (sorted in function of their finc value)
[('((S001,S002),((S003,S004),S005))', '((S008,S009),S010)'), ('S006', 'S007')]

