(G1, G2)		[finc, fcomp]	(finc+1)/(fcomp+1)

('S001', 'S002')	[9, 11977]	0.001
('S001', 'S003')	[585, 9594]	0.061
('S001', 'S004')	[1780, 6382]	0.279
('S001', 'S005')	[1741, 6294]	0.277
('S001', 'S006')	[10016, 152]	65.471
('S001', 'S007')	[9849, 165]	59.337
('S001', 'S008')	[9153, 408]	22.381
('S001', 'S009')	[8348, 594]	14.032
('S001', 'S010')	[7054, 882]	7.990
('S002', 'S003')	[594, 9597]	0.062
('S002', 'S004')	[1757, 6499]	0.270
('S002', 'S005')	[1727, 6312]	0.274
('S002', 'S006')	[10086, 152]	65.928
('S002', 'S007')	[9931, 173]	57.080
('S002', 'S008')	[9180, 424]	21.602
('S002', 'S009')	[8366, 608]	13.739
('S002', 'S010')	[7097, 915]	7.749
('S003', 'S004')	[1071, 6785]	0.158
('S003', 'S005')	[1009, 6761]	0.149
('S003', 'S006')	[8701, 462]	18.795
('S003', 'S007')	[8515, 490]	17.344
('S003', 'S008')	[7945, 728]	10.900
('S003', 'S009')	[7177, 930]	7.710
('S003', 'S010')	[6005, 1137]	5.278
('S004', 'S005')	[71, 7830]	0.009
('S004', 'S006')	[6942, 925]	7.498
('S004', 'S007')	[6975, 855]	8.150
('S004', 'S008')	[6276, 1077]	5.823
('S004', 'S009')	[5622, 1292]	4.349
('S004', 'S010')	[4827, 1368]	3.527
('S005', 'S006')	[6803, 860]	7.902
('S005', 'S007')	[6855, 882]	7.764
('S005', 'S008')	[6158, 1178]	5.224
('S005', 'S009')	[5410, 1356]	3.987
('S005', 'S010')	[4742, 1475]	3.213
('S006', 'S007')	[81, 10779]	0.008
('S006', 'S008')	[578, 9344]	0.062
('S006', 'S009')	[938, 8027]	0.117
('S006', 'S010')	[1143, 6705]	0.171
('S007', 'S008')	[547, 9107]	0.060
('S007', 'S009')	[895, 8008]	0.112
('S007', 'S010')	[1075, 6771]	0.159
('S008', 'S009')	[344, 8529]	0.040
('S008', 'S010')	[587, 7145]	0.082
('S009', 'S010')	[300, 7361]	0.041
List of the n/2 smallest d (sorted in function of their finc value)
[('S001', 'S002'), ('S004', 'S005'), ('S006', 'S007'), ('S009', 'S010'), ('S008', 'S009')]

('(S001,S002)', 'S003')	[0, 9963]	0.000
('(S001,S002)', 'S004')	[1100, 6705]	0.164
('(S001,S002)', 'S005')	[1029, 6532]	0.158
('(S001,S002)', 'S006')	[9068, 152]	59.275
('(S001,S002)', 'S007')	[8881, 173]	51.046
('(S001,S002)', 'S008')	[8213, 436]	18.796
('(S001,S002)', 'S009')	[7492, 649]	11.528
('(S001,S002)', 'S010')	[6217, 929]	6.686
('S003', 'S004')	[1062, 6344]	0.168
('S003', 'S005')	[1009, 6288]	0.161
('S003', 'S006')	[8701, 135]	63.985
('S003', 'S007')	[8515, 151]	56.026
('S003', 'S008')	[7945, 419]	18.919
('S003', 'S009')	[7177, 607]	11.806
('S003', 'S010')	[6000, 846]	7.085
('S004', 'S005')	[71, 7269]	0.010
('S004', 'S006')	[6942, 549]	12.624
('S004', 'S007')	[6975, 476]	14.625
('S004', 'S008')	[6276, 711]	8.816
('S004', 'S009')	[5622, 932]	6.027
('S004', 'S010')	[4827, 998]	4.833
('S005', 'S006')	[6803, 463]	14.664
('S005', 'S007')	[6855, 468]	14.618
('S005', 'S008')	[6158, 799]	7.699
('S005', 'S009')	[5410, 1005]	5.379
('S005', 'S010')	[4742, 1099]	4.312
('S006', 'S007')	[81, 9557]	0.009
('S006', 'S008')	[578, 8255]	0.070
('S006', 'S009')	[938, 7111]	0.132
('S006', 'S010')	[1143, 5851]	0.195
('S007', 'S008')	[547, 8036]	0.068
('S007', 'S009')	[895, 7097]	0.126
('S007', 'S010')	[1075, 5892]	0.183
('S008', 'S009')	[344, 7600]	0.045
('S008', 'S010')	[587, 6296]	0.093
('S009', 'S010')	[300, 6562]	0.046
List of the n/2 smallest d (sorted in function of their finc value)
[('(S001,S002)', 'S003'), ('S004', 'S005'), ('S006', 'S007'), ('S008', 'S009')]

('((S001,S002),S003)', 'S004')	[206, 7122]	0.029
('((S001,S002),S003)', 'S005')	[139, 6969]	0.020
('((S001,S002),S003)', 'S006')	[7536, 152]	49.261
('((S001,S002),S003)', 'S007')	[7508, 173]	43.155
('((S001,S002),S003)', 'S008')	[6706, 476]	14.061
('((S001,S002),S003)', 'S009')	[5917, 691]	8.552
('((S001,S002),S003)', 'S010')	[5009, 954]	5.246
('S004', 'S005')	[71, 6477]	0.011
('S004', 'S006')	[6942, 95]	72.323
('S004', 'S007')	[6975, 39]	174.400
('S004', 'S008')	[6276, 240]	26.046
('S004', 'S009')	[5622, 454]	12.358
('S004', 'S010')	[4827, 546]	8.826
('S005', 'S006')	[6803, 24]	272.160
('S005', 'S007')	[6855, 51]	131.846
('S005', 'S008')	[6158, 328]	18.720
('S005', 'S009')	[5410, 531]	10.171
('S005', 'S010')	[4742, 639]	7.411
('S006', 'S007')	[81, 7849]	0.010
('S006', 'S008')	[578, 6588]	0.088
('S006', 'S009')	[938, 5535]	0.170
('S006', 'S010')	[1143, 4635]	0.247
('S007', 'S008')	[547, 6512]	0.084
('S007', 'S009')	[895, 5646]	0.159
('S007', 'S010')	[1075, 4796]	0.224
('S008', 'S009')	[344, 6034]	0.057
('S008', 'S010')	[587, 5107]	0.115
('S009', 'S010')	[300, 5255]	0.057
List of the n/2 smallest d (sorted in function of their finc value)
[('S004', 'S005'), ('S006', 'S007'), ('((S001,S002),S003)', 'S005'), ('((S001,S002),S003)', 'S004')]

('((S001,S002),S003)', '(S004,S005)')	[4, 8401]	0.001
('((S001,S002),S003)', 'S006')	[7465, 24]	298.640
('((S001,S002),S003)', 'S007')	[7469, 8]	830.000
('((S001,S002),S003)', 'S008')	[6706, 281]	23.784
('((S001,S002),S003)', 'S009')	[5917, 533]	11.082
('((S001,S002),S003)', 'S010')	[5009, 771]	6.490
('(S004,S005)', 'S006')	[7441, 24]	297.680
('(S004,S005)', 'S007')	[7437, 19]	371.900
('(S004,S005)', 'S008')	[6640, 293]	22.588
('(S004,S005)', 'S009')	[5862, 547]	10.699
('(S004,S005)', 'S010')	[5017, 701]	7.148
('S006', 'S007')	[49, 7194]	0.007
('S006', 'S008')	[507, 6028]	0.084
('S006', 'S009')	[867, 5019]	0.173
('S006', 'S010')	[1072, 4177]	0.257
('S007', 'S008')	[508, 5940]	0.086
('S007', 'S009')	[856, 5111]	0.168
('S007', 'S010')	[1036, 4311]	0.240
('S008', 'S009')	[344, 5451]	0.063
('S008', 'S010')	[587, 4581]	0.128
('S009', 'S010')	[300, 4753]	0.063
List of the n/2 smallest d (sorted in function of their finc value)
[('((S001,S002),S003)', '(S004,S005)'), ('S006', 'S007'), ('S008', 'S009')]

('(((S001,S002),S003),(S004,S005))', 'S006')	[1007, 24]	40.320
('(((S001,S002),S003),(S004,S005))', 'S007')	[997, 15]	62.375
('(((S001,S002),S003),(S004,S005))', 'S008')	[619, 302]	2.046
('(((S001,S002),S003),(S004,S005))', 'S009')	[322, 586]	0.550
('(((S001,S002),S003),(S004,S005))', 'S010')	[37, 830]	0.046
('S006', 'S007')	[49, 1208]	0.041
('S006', 'S008')	[507, 645]	0.786
('S006', 'S009')	[867, 274]	3.156
('S006', 'S010')	[1072, 13]	76.643
('S007', 'S008')	[508, 629]	0.808
('S007', 'S009')	[856, 284]	3.007
('S007', 'S010')	[1032, 39]	25.825
('S008', 'S009')	[344, 715]	0.482
('S008', 'S010')	[587, 404]	1.452
('S009', 'S010')	[300, 665]	0.452
List of the n/2 smallest d (sorted in function of their finc value)
[('(((S001,S002),S003),(S004,S005))', 'S010'), ('S006', 'S007'), ('S009', 'S010')]

('((((S001,S002),S003),(S004,S005)),S010)', 'S006')	[890, 0]	891.000
('((((S001,S002),S003),(S004,S005)),S010)', 'S007')	[889, 17]	49.444
('((((S001,S002),S003),(S004,S005)),S010)', 'S008')	[342, 457]	0.749
('((((S001,S002),S003),(S004,S005)),S010)', 'S009')	[3, 827]	0.005
('S006', 'S007')	[21, 892]	0.025
('S006', 'S008')	[483, 323]	1.494
('S006', 'S009')	[834, 3]	208.750
('S007', 'S008')	[504, 318]	1.583
('S007', 'S009')	[843, 10]	76.727
('S008', 'S009')	[335, 411]	0.816
List of the n/2 smallest d (sorted in function of their finc value)
[('((((S001,S002),S003),(S004,S005)),S010)', 'S009'), ('S006', 'S007')]

('(((((S001,S002),S003),(S004,S005)),S010),S009)', 'S006')	[501, 0]	502.000
('(((((S001,S002),S003),(S004,S005)),S010),S009)', 'S007')	[483, 18]	25.474
('(((((S001,S002),S003),(S004,S005)),S010),S009)', 'S008')	[18, 483]	0.039
('S006', 'S007')	[18, 483]	0.039
('S006', 'S008')	[483, 18]	25.474
('S007', 'S008')	[501, 0]	502.000
List of the n/2 smallest d (sorted in function of their finc value)
[('(((((S001,S002),S003),(S004,S005)),S010),S009)', 'S008'), ('S006', 'S007')]

