(G1, G2)		[finc, fcomp]	(finc+1)/(fcomp+1)

('S001', 'S002')	[30, 6758]	0.005
('S001', 'S003')	[888, 4690]	0.190
('S001', 'S004')	[1073, 4599]	0.233
('S001', 'S005')	[1137, 4387]	0.259
('S001', 'S006')	[4583, 347]	13.172
('S001', 'S007')	[4601, 364]	12.608
('S001', 'S008')	[3690, 707]	5.213
('S001', 'S009')	[3631, 669]	5.421
('S001', 'S010')	[3763, 657]	5.720
('S002', 'S003')	[858, 4576]	0.188
('S002', 'S004')	[1025, 4541]	0.226
('S002', 'S005')	[1149, 4185]	0.275
('S002', 'S006')	[4434, 326]	13.563
('S002', 'S007')	[4491, 341]	13.135
('S002', 'S008')	[3536, 749]	4.716
('S002', 'S009')	[3477, 693]	5.012
('S002', 'S010')	[3595, 727]	4.940
('S003', 'S004')	[297, 5197]	0.057
('S003', 'S005')	[302, 5003]	0.061
('S003', 'S006')	[3731, 664]	5.612
('S003', 'S007')	[3726, 640]	5.814
('S003', 'S008')	[2907, 1059]	2.743
('S003', 'S009')	[2683, 1036]	2.588
('S003', 'S010')	[2922, 1106]	2.640
('S004', 'S005')	[50, 5744]	0.009
('S004', 'S006')	[4003, 550]	7.267
('S004', 'S007')	[3982, 590]	6.739
('S004', 'S008')	[3289, 858]	3.830
('S004', 'S009')	[3171, 787]	4.025
('S004', 'S010')	[3293, 852]	3.862
('S005', 'S006')	[3850, 551]	6.976
('S005', 'S007')	[3879, 546]	7.093
('S005', 'S008')	[3108, 858]	3.619
('S005', 'S009')	[3017, 828]	3.641
('S005', 'S010')	[3219, 876]	3.672
('S006', 'S007')	[0, 5147]	0.000
('S006', 'S008')	[1039, 2477]	0.420
('S006', 'S009')	[986, 2533]	0.390
('S006', 'S010')	[1062, 2517]	0.422
('S007', 'S008')	[1056, 2495]	0.423
('S007', 'S009')	[989, 2469]	0.401
('S007', 'S010')	[1054, 2540]	0.415
('S008', 'S009')	[26, 3682]	0.007
('S008', 'S010')	[96, 3790]	0.026
('S009', 'S010')	[47, 3664]	0.013
List of the n/2 smallest d (sorted in function of their finc value)
[('S006', 'S007'), ('S008', 'S009'), ('S001', 'S002'), ('S009', 'S010'), ('S004', 'S005')]

('S001', 'S002')	[30, 5334]	0.006
('S001', 'S003')	[888, 3536]	0.251
('S001', 'S004')	[1073, 3407]	0.315
('S001', 'S005')	[1137, 3248]	0.350
('S001', '(S006,S007)')	[3760, 443]	8.471
('S001', 'S008')	[3690, 197]	18.641
('S001', 'S009')	[3631, 193]	18.722
('S001', 'S010')	[3763, 152]	24.601
('S002', 'S003')	[858, 3380]	0.254
('S002', 'S004')	[1025, 3295]	0.311
('S002', 'S005')	[1149, 3019]	0.381
('S002', '(S006,S007)')	[3557, 427]	8.313
('S002', 'S008')	[3536, 228]	15.445
('S002', 'S009')	[3477, 210]	16.483
('S002', 'S010')	[3595, 194]	18.441
('S003', 'S004')	[297, 4024]	0.074
('S003', 'S005')	[302, 3882]	0.078
('S003', '(S006,S007)')	[2846, 837]	3.397
('S003', 'S008')	[2907, 568]	5.111
('S003', 'S009')	[2683, 586]	4.572
('S003', 'S010')	[2922, 602]	4.847
('S004', 'S005')	[50, 4568]	0.011
('S004', '(S006,S007)')	[3127, 672]	4.648
('S004', 'S008')	[3289, 387]	8.479
('S004', 'S009')	[3171, 374]	8.459
('S004', 'S010')	[3293, 387]	8.490
('S005', '(S006,S007)')	[3084, 684]	4.504
('S005', 'S008')	[3108, 378]	8.203
('S005', 'S009')	[3017, 420]	7.169
('S005', 'S010')	[3219, 417]	7.703
('(S006,S007)', 'S008')	[337, 3102]	0.109
('(S006,S007)', 'S009')	[302, 3055]	0.099
('(S006,S007)', 'S010')	[285, 3179]	0.090
('S008', 'S009')	[26, 3134]	0.009
('S008', 'S010')	[96, 3222]	0.030
('S009', 'S010')	[47, 3091]	0.016
List of the n/2 smallest d (sorted in function of their finc value)
[('S008', 'S009'), ('S001', 'S002'), ('S009', 'S010'), ('S004', 'S005')]

('S001', 'S002')	[30, 5025]	0.006
('S001', 'S003')	[882, 3324]	0.266
('S001', 'S004')	[1073, 3177]	0.338
('S001', 'S005')	[1137, 3044]	0.374
('S001', '(S006,S007)')	[3760, 387]	9.693
('S001', '(S008,S009)')	[4475, 257]	17.349
('S001', 'S010')	[3749, 134]	27.778
('S002', 'S003')	[852, 3154]	0.270
('S002', 'S004')	[1025, 3049]	0.336
('S002', 'S005')	[1149, 2804]	0.410
('S002', '(S006,S007)')	[3557, 365]	9.721
('S002', '(S008,S009)')	[4256, 266]	15.944
('S002', 'S010')	[3581, 173]	20.586
('S003', 'S004')	[291, 3809]	0.077
('S003', 'S005')	[302, 3681]	0.082
('S003', '(S006,S007)')	[2840, 782]	3.628
('S003', '(S008,S009)')	[3381, 782]	4.319
('S003', 'S010')	[2912, 588]	4.946
('S004', 'S005')	[50, 4340]	0.012
('S004', '(S006,S007)')	[3127, 620]	5.037
('S004', '(S008,S009)')	[3888, 490]	7.921
('S004', 'S010')	[3293, 366]	8.975
('S005', '(S006,S007)')	[3084, 633]	4.866
('S005', '(S008,S009)')	[3731, 539]	6.911
('S005', 'S010')	[3219, 402]	7.990
('(S006,S007)', '(S008,S009)')	[315, 4068]	0.078
('(S006,S007)', 'S010')	[269, 3170]	0.085
('(S008,S009)', 'S010')	[69, 4178]	0.017
List of the n/2 smallest d (sorted in function of their finc value)
[('S001', 'S002'), ('S004', 'S005'), ('(S008,S009)', 'S010'), ('S003', 'S004')]

('(S001,S002)', 'S003')	[12, 3494]	0.004
('(S001,S002)', 'S004')	[279, 3364]	0.083
('(S001,S002)', 'S005')	[285, 3195]	0.089
('(S001,S002)', '(S006,S007)')	[3031, 393]	7.695
('(S001,S002)', '(S008,S009)')	[3627, 266]	13.588
('(S001,S002)', 'S010')	[3062, 143]	21.271
('S003', 'S004')	[291, 3149]	0.093
('S003', 'S005')	[272, 2985]	0.091
('S003', '(S006,S007)')	[2840, 342]	8.283
('S003', '(S008,S009)')	[3381, 270]	12.480
('S003', 'S010')	[2912, 159]	18.206
('S004', 'S005')	[20, 3682]	0.006
('S004', '(S006,S007)')	[3127, 233]	13.368
('S004', '(S008,S009)')	[3888, 49]	77.780
('S004', 'S010')	[3293, 7]	411.750
('S005', '(S006,S007)')	[3054, 219]	13.886
('S005', '(S008,S009)')	[3701, 84]	43.553
('S005', 'S010')	[3189, 26]	118.148
('(S006,S007)', '(S008,S009)')	[315, 3292]	0.096
('(S006,S007)', 'S010')	[269, 2577]	0.105
('(S008,S009)', 'S010')	[69, 3384]	0.021
List of the n/2 smallest d (sorted in function of their finc value)
[('(S001,S002)', 'S003'), ('S004', 'S005'), ('(S008,S009)', 'S010')]

('((S001,S002),S003)', 'S004')	[251, 3737]	0.067
('((S001,S002),S003)', 'S005')	[271, 3599]	0.076
('((S001,S002),S003)', '(S006,S007)')	[3132, 432]	7.236
('((S001,S002),S003)', '(S008,S009)')	[3824, 291]	13.099
('((S001,S002),S003)', 'S010')	[3316, 168]	19.627
('S004', 'S005')	[20, 3627]	0.006
('S004', '(S006,S007)')	[3120, 219]	14.186
('S004', '(S008,S009)')	[3883, 28]	133.931
('S004', 'S010')	[3288, 0]	3289.000
('S005', '(S006,S007)')	[3047, 219]	13.855
('S005', '(S008,S009)')	[3701, 77]	47.462
('S005', 'S010')	[3189, 19]	159.500
('(S006,S007)', '(S008,S009)')	[308, 3100]	0.100
('(S006,S007)', 'S010')	[262, 2479]	0.106
('(S008,S009)', 'S010')	[69, 3254]	0.022
List of the n/2 smallest d (sorted in function of their finc value)
[('S004', 'S005'), ('(S008,S009)', 'S010'), ('((S001,S002),S003)', 'S004')]

('((S001,S002),S003)', '(S004,S005)')	[0, 4130]	0.000
('((S001,S002),S003)', '(S006,S007)')	[3132, 221]	14.113
('((S001,S002),S003)', '(S008,S009)')	[3804, 57]	65.603
('((S001,S002),S003)', 'S010')	[3297, 12]	253.692
('(S004,S005)', '(S006,S007)')	[3120, 225]	13.810
('(S004,S005)', '(S008,S009)')	[3796, 57]	65.466
('(S004,S005)', 'S010')	[3301, 0]	3302.000
('(S006,S007)', '(S008,S009)')	[288, 2788]	0.104
('(S006,S007)', 'S010')	[243, 2281]	0.107
('(S008,S009)', 'S010')	[69, 2963]	0.024
List of the n/2 smallest d (sorted in function of their finc value)
[('((S001,S002),S003)', '(S004,S005)'), ('(S008,S009)', 'S010')]

('(((S001,S002),S003),(S004,S005))', '(S006,S007)')	[69, 231]	0.302
('(((S001,S002),S003),(S004,S005))', '(S008,S009)')	[243, 57]	4.207
('(((S001,S002),S003),(S004,S005))', 'S010')	[288, 12]	22.231
('(S006,S007)', '(S008,S009)')	[288, 12]	22.231
('(S006,S007)', 'S010')	[243, 57]	4.207
('(S008,S009)', 'S010')	[69, 231]	0.302
List of the n/2 smallest d (sorted in function of their finc value)
[('(((S001,S002),S003),(S004,S005))', '(S006,S007)'), ('(S008,S009)', 'S010')]

