(G1, G2)		[finc, fcomp]	(finc+1)/(fcomp+1)

('S001', 'S002')	[40, 4843]	0.008
('S001', 'S003')	[567, 3363]	0.169
('S001', 'S004')	[946, 3159]	0.300
('S001', 'S005')	[758, 2976]	0.255
('S001', 'S006')	[3590, 418]	8.570
('S001', 'S007')	[3553, 432]	8.208
('S001', 'S008')	[3004, 688]	4.361
('S001', 'S009')	[2404, 615]	3.904
('S001', 'S010')	[2237, 656]	3.406
('S002', 'S003')	[547, 3424]	0.160
('S002', 'S004')	[924, 3151]	0.293
('S002', 'S005')	[774, 2869]	0.270
('S002', 'S006')	[3543, 499]	7.088
('S002', 'S007')	[3550, 468]	7.571
('S002', 'S008')	[3018, 713]	4.228
('S002', 'S009')	[2390, 630]	3.789
('S002', 'S010')	[2262, 652]	3.466
('S003', 'S004')	[275, 3605]	0.077
('S003', 'S005')	[244, 3183]	0.077
('S003', 'S006')	[2828, 723]	3.907
('S003', 'S007')	[2849, 672]	4.235
('S003', 'S008')	[2364, 962]	2.456
('S003', 'S009')	[1838, 806]	2.279
('S003', 'S010')	[1813, 767]	2.362
('S004', 'S005')	[41, 3875]	0.011
('S004', 'S006')	[2974, 901]	3.298
('S004', 'S007')	[2986, 849]	3.514
('S004', 'S008')	[2376, 1090]	2.179
('S004', 'S009')	[1830, 1030]	1.776
('S004', 'S010')	[1765, 1029]	1.715
('S005', 'S006')	[2708, 720]	3.757
('S005', 'S007')	[2722, 755]	3.602
('S005', 'S008')	[2250, 976]	2.304
('S005', 'S009')	[1745, 826]	2.111
('S005', 'S010')	[1707, 821]	2.078
('S006', 'S007')	[18, 4476]	0.004
('S006', 'S008')	[337, 3544]	0.095
('S006', 'S009')	[1543, 1254]	1.230
('S006', 'S010')	[1594, 1094]	1.457
('S007', 'S008')	[345, 3432]	0.101
('S007', 'S009')	[1318, 1407]	0.937
('S007', 'S010')	[1398, 1267]	1.103
('S008', 'S009')	[1123, 1522]	0.738
('S008', 'S010')	[1114, 1464]	0.761
('S009', 'S010')	[0, 3062]	0.000
List of the n/2 smallest d (sorted in function of their finc value)
[('S009', 'S010'), ('S006', 'S007'), ('S001', 'S002'), ('S004', 'S005'), ('S003', 'S004')]

('S001', 'S002')	[40, 4126]	0.010
('S001', 'S003')	[567, 2736]	0.208
('S001', 'S004')	[946, 2511]	0.377
('S001', 'S005')	[758, 2360]	0.321
('S001', 'S006')	[3590, 20]	171.000
('S001', 'S007')	[3553, 66]	53.045
('S001', 'S008')	[3004, 334]	8.970
('S001', '(S009,S010)')	[1905, 877]	2.171
('S002', 'S003')	[547, 2784]	0.197
('S002', 'S004')	[924, 2558]	0.361
('S002', 'S005')	[774, 2286]	0.339
('S002', 'S006')	[3543, 66]	52.896
('S002', 'S007')	[3550, 87]	40.352
('S002', 'S008')	[3018, 338]	8.906
('S002', '(S009,S010)')	[1961, 886]	2.212
('S003', 'S004')	[275, 2998]	0.092
('S003', 'S005')	[244, 2636]	0.093
('S003', 'S006')	[2828, 293]	9.622
('S003', 'S007')	[2849, 317]	8.962
('S003', 'S008')	[2364, 594]	3.975
('S003', '(S009,S010)')	[1328, 1136]	1.169
('S004', 'S005')	[41, 3247]	0.013
('S004', 'S006')	[2974, 471]	6.303
('S004', 'S007')	[2986, 509]	5.857
('S004', 'S008')	[2376, 752]	3.157
('S004', '(S009,S010)')	[1254, 1436]	0.873
('S005', 'S006')	[2708, 348]	7.762
('S005', 'S007')	[2722, 390]	6.964
('S005', 'S008')	[2250, 634]	3.545
('S005', '(S009,S010)')	[1212, 1140]	1.063
('S006', 'S007')	[18, 3904]	0.005
('S006', 'S008')	[337, 3003]	0.113
('S006', '(S009,S010)')	[1107, 1554]	0.713
('S007', 'S008')	[345, 2973]	0.116
('S007', '(S009,S010)')	[974, 1735]	0.562
('S008', '(S009,S010)')	[639, 2002]	0.320
List of the n/2 smallest d (sorted in function of their finc value)
[('S006', 'S007'), ('S001', 'S002'), ('S004', 'S005'), ('S003', 'S004')]

('S001', 'S002')	[22, 3405]	0.007
('S001', 'S003')	[557, 2164]	0.258
('S001', 'S004')	[928, 1885]	0.493
('S001', 'S005')	[748, 1850]	0.405
('S001', '(S006,S007)')	[3242, 54]	58.964
('S001', 'S008')	[2996, 83]	35.679
('S001', '(S009,S010)')	[1905, 491]	3.874
('S002', 'S003')	[547, 2205]	0.248
('S002', 'S004')	[924, 1934]	0.478
('S002', 'S005')	[774, 1808]	0.428
('S002', '(S006,S007)')	[3246, 92]	34.914
('S002', 'S008')	[3018, 111]	26.955
('S002', '(S009,S010)')	[1961, 505]	3.877
('S003', 'S004')	[275, 2395]	0.115
('S003', 'S005')	[244, 2169]	0.113
('S003', '(S006,S007)')	[2534, 372]	6.796
('S003', 'S008')	[2364, 378]	6.240
('S003', '(S009,S010)')	[1328, 791]	1.678
('S004', 'S005')	[41, 2656]	0.016
('S004', '(S006,S007)')	[2517, 600]	4.190
('S004', 'S008')	[2376, 510]	4.652
('S004', '(S009,S010)')	[1254, 1039]	1.207
('S005', '(S006,S007)')	[2410, 456]	5.276
('S005', 'S008')	[2250, 451]	4.980
('S005', '(S009,S010)')	[1212, 848]	1.429
('(S006,S007)', 'S008')	[15, 3542]	0.005
('(S006,S007)', '(S009,S010)')	[645, 2006]	0.322
('S008', '(S009,S010)')	[639, 1754]	0.365
List of the n/2 smallest d (sorted in function of their finc value)
[('(S006,S007)', 'S008'), ('S001', 'S002'), ('S004', 'S005'), ('S003', 'S005')]

('S001', 'S002')	[22, 2131]	0.011
('S001', 'S003')	[557, 1121]	0.497
('S001', 'S004')	[917, 869]	1.055
('S001', 'S005')	[748, 843]	0.887
('S001', '((S006,S007),S008)')	[1979, 72]	27.123
('S001', '(S009,S010)')	[1905, 23]	79.417
('S002', 'S003')	[547, 1178]	0.465
('S002', 'S004')	[913, 929]	0.983
('S002', 'S005')	[774, 838]	0.924
('S002', '((S006,S007),S008)')	[2000, 110]	18.027
('S002', '(S009,S010)')	[1961, 37]	51.632
('S003', 'S004')	[264, 1407]	0.188
('S003', 'S005')	[244, 1236]	0.198
('S003', '((S006,S007),S008)')	[1368, 457]	2.989
('S003', '(S009,S010)')	[1328, 381]	3.479
('S004', 'S005')	[30, 1544]	0.020
('S004', '((S006,S007),S008)')	[1247, 668]	1.865
('S004', '(S009,S010)')	[1239, 573]	2.160
('S005', '((S006,S007),S008)')	[1222, 523]	2.334
('S005', '(S009,S010)')	[1212, 415]	2.916
('((S006,S007),S008)', '(S009,S010)')	[44, 2245]	0.020
List of the n/2 smallest d (sorted in function of their finc value)
[('S001', 'S002'), ('S004', 'S005'), ('((S006,S007),S008)', '(S009,S010)')]

('(S001,S002)', 'S003')	[33, 1295]	0.026
('(S001,S002)', 'S004')	[247, 1025]	0.242
('(S001,S002)', 'S005')	[195, 968]	0.202
('(S001,S002)', '((S006,S007),S008)')	[1432, 89]	15.922
('(S001,S002)', '(S009,S010)')	[1467, 27]	52.429
('S003', 'S004')	[264, 946]	0.280
('S003', 'S005')	[222, 896]	0.249
('S003', '((S006,S007),S008)')	[1368, 54]	24.891
('S003', '(S009,S010)')	[1328, 64]	20.446
('S004', 'S005')	[8, 1080]	0.008
('S004', '((S006,S007),S008)')	[1247, 148]	8.376
('S004', '(S009,S010)')	[1239, 126]	9.764
('S005', '((S006,S007),S008)')	[1200, 106]	11.224
('S005', '(S009,S010)')	[1202, 79]	15.037
('((S006,S007),S008)', '(S009,S010)')	[44, 1650]	0.027
List of the n/2 smallest d (sorted in function of their finc value)
[('S004', 'S005'), ('(S001,S002)', 'S003'), ('((S006,S007),S008)', '(S009,S010)')]

('(S001,S002)', 'S003')	[33, 1208]	0.028
('(S001,S002)', '(S004,S005)')	[162, 1261]	0.129
('(S001,S002)', '((S006,S007),S008)')	[1432, 39]	35.825
('(S001,S002)', '(S009,S010)')	[1462, 0]	1463.000
('S003', '(S004,S005)')	[176, 1146]	0.154
('S003', '((S006,S007),S008)')	[1365, 5]	227.667
('S003', '(S009,S010)')	[1328, 33]	39.088
('(S004,S005)', '((S006,S007),S008)')	[1404, 148]	9.430
('(S004,S005)', '(S009,S010)')	[1413, 130]	10.794
('((S006,S007),S008)', '(S009,S010)')	[39, 1552]	0.026
List of the n/2 smallest d (sorted in function of their finc value)
[('(S001,S002)', 'S003'), ('((S006,S007),S008)', '(S009,S010)')]

('((S001,S002),S003)', '(S004,S005)')	[6, 1389]	0.005
('((S001,S002),S003)', '((S006,S007),S008)')	[1389, 6]	198.571
('((S001,S002),S003)', '(S009,S010)')	[1395, 0]	1396.000
('(S004,S005)', '((S006,S007),S008)')	[1395, 0]	1396.000
('(S004,S005)', '(S009,S010)')	[1389, 6]	198.571
('((S006,S007),S008)', '(S009,S010)')	[6, 1389]	0.005
List of the n/2 smallest d (sorted in function of their finc value)
[('((S001,S002),S003)', '(S004,S005)'), ('((S006,S007),S008)', '(S009,S010)')]

